#
# A fatal error has been detected by the Java Runtime Environment:
#
#  EXCEPTION_ACCESS_VIOLATION (0xc0000005) at pc=0x0000000010014ed4, pid=27136, tid=14880
#
# JRE version: OpenJDK Runtime Environment Temurin-11.0.12+7 (11.0.12+7) (build 11.0.12+7)
# Java VM: OpenJDK 64-Bit Server VM Temurin-11.0.12+7 (11.0.12+7, mixed mode, tiered, compressed oops, g1 gc, windows-amd64)
# Problematic frame:
# C  [sigar-amd64-winnt.dll+0x14ed4]
#
# No core dump will be written. Minidumps are not enabled by default on client versions of Windows
#
# If you would like to submit a bug report, please visit:
#   https://github.com/adoptium/adoptium-support/issues
# The crash happened outside the Java Virtual Machine in native code.
# See problematic frame for where to report the bug.
#

---------------  S U M M A R Y ------------

Command Line: speedtest-0.0.1-SNAPSHOT.jar

Host: AMD Ryzen 5 5600H with Radeon Graphics         , 12 cores, 15G,  Windows 10 , 64 bit Build 19041 (10.0.19041.1889)
Time: Thu Sep  8 14:33:51 2022 RTZ 2 (зима) elapsed time: 12.825261 seconds (0d 0h 0m 12s)

---------------  T H R E A D  ---------------

Current thread (0x0000016770e65800):  JavaThread "pool-2-thread-1" [_thread_in_native, id=14880, stack(0x0000000a2db00000,0x0000000a2dc00000)]

Stack: [0x0000000a2db00000,0x0000000a2dc00000],  sp=0x0000000a2dbfe290,  free space=1016k
Native frames: (J=compiled Java code, j=interpreted, Vv=VM code, C=native code)
C  [sigar-amd64-winnt.dll+0x14ed4]

Java frames: (J=compiled Java code, j=interpreted, Vv=VM code)
j  org.hyperic.sigar.NetStat.stat(Lorg/hyperic/sigar/Sigar;I[BJ)V+0
j  org.hyperic.sigar.NetStat.stat(Lorg/hyperic/sigar/Sigar;)V+10
j  org.hyperic.sigar.Sigar.getNetStat()Lorg/hyperic/sigar/NetStat;+10
j  com.microel.speedtest.controllers.performance.PerformanceController.start()V+5
v  ~StubRoutines::call_stub
J 3081  jdk.internal.reflect.NativeMethodAccessorImpl.invoke0(Ljava/lang/reflect/Method;Ljava/lang/Object;[Ljava/lang/Object;)Ljava/lang/Object; java.base@11.0.12 (0 bytes) @ 0x000001674d5afacf [0x000001674d5afa40+0x000000000000008f]
J 3080 c1 jdk.internal.reflect.NativeMethodAccessorImpl.invoke(Ljava/lang/Object;[Ljava/lang/Object;)Ljava/lang/Object; java.base@11.0.12 (104 bytes) @ 0x00000167464f2ce4 [0x00000167464f2040+0x0000000000000ca4]
J 5264 c2 java.lang.reflect.Method.invoke(Ljava/lang/Object;[Ljava/lang/Object;)Ljava/lang/Object; java.base@11.0.12 (65 bytes) @ 0x000001674d787590 [0x000001674d787480+0x0000000000000110]
j  org.springframework.scheduling.support.ScheduledMethodRunnable.run()V+19
j  org.springframework.scheduling.support.DelegatingErrorHandlingRunnable.run()V+4
j  java.util.concurrent.Executors$RunnableAdapter.call()Ljava/lang/Object;+4 java.base@11.0.12
j  java.util.concurrent.FutureTask.runAndReset()Z+44 java.base@11.0.12
j  java.util.concurrent.ScheduledThreadPoolExecutor$ScheduledFutureTask.run()V+35 java.base@11.0.12
j  java.util.concurrent.ThreadPoolExecutor.runWorker(Ljava/util/concurrent/ThreadPoolExecutor$Worker;)V+92 java.base@11.0.12
j  java.util.concurrent.ThreadPoolExecutor$Worker.run()V+5 java.base@11.0.12
j  java.lang.Thread.run()V+11 java.base@11.0.12
v  ~StubRoutines::call_stub

siginfo: EXCEPTION_ACCESS_VIOLATION (0xc0000005), reading address 0x00000000729f0d88


Register to memory mapping:

RIP=0x0000000010014ed4 sigar-amd64-winnt.dll
RAX=0x00000000729f0c50 is an unknown value
RBX={method} {0x0000016772e47ac0} 'stat' '(Lorg/hyperic/sigar/Sigar;I[BJ)V' in 'org/hyperic/sigar/NetStat'
RCX=0x0000016770e65b48 points into unknown readable memory: 0x00007ffc7405ce20 | 20 ce 05 74 fc 7f 00 00
RDX=0x0000000a2dbfe500 is pointing into the stack for thread: 0x0000016770e65800
RSP=0x0000000a2dbfe290 is pointing into the stack for thread: 0x0000016770e65800
RBP=0x0000000a2dbfe4c0 is pointing into the stack for thread: 0x0000016770e65800
RSI=0x0000000a2dbfeaf0 is pointing into the stack for thread: 0x0000016770e65800
RDI=0x0000000000000001 is an unknown value
R8 =0x0000000000000032 is an unknown value
R9 =0x0000000713b48058 is an oop: org.hyperic.sigar.Sigar 
{0x0000000713b48058} - klass: 'org/hyperic/sigar/Sigar'
R10=0x00000000000002c0 is an unknown value
R11=0x00007ffc740dc1bc jvm.dll
R12=0x0 is NULL
R13=0x0000016772e47ab0 is pointing into metadata
R14=0x0000000a2dbfe508 is pointing into the stack for thread: 0x0000016770e65800
R15=0x0000016770e65800 is a thread


Registers:
RAX=0x00000000729f0c50, RBX=0x0000016772e47ab8, RCX=0x0000016770e65b48, RDX=0x0000000a2dbfe500
RSP=0x0000000a2dbfe290, RBP=0x0000000a2dbfe4c0, RSI=0x0000000a2dbfeaf0, RDI=0x0000000000000001
R8 =0x0000000000000032, R9 =0x0000000713b48058, R10=0x00000000000002c0, R11=0x00007ffc740dc1bc
R12=0x0000000000000000, R13=0x0000016772e47ab0, R14=0x0000000a2dbfe508, R15=0x0000016770e65800
RIP=0x0000000010014ed4, EFLAGS=0x0000000000010206

Top of Stack: (sp=0x0000000a2dbfe290)
0x0000000a2dbfe290:   0000016770e65b48 0000000a2dbfe500
0x0000000a2dbfe2a0:   0000000a2dbfe400 0000000000000000
0x0000000a2dbfe2b0:   00000000729f0c50 0000000000000000
0x0000000a2dbfe2c0:   0000000000000000 0000000010025731
0x0000000a2dbfe2d0:   0000016770e65b48 0000000a2dbfe500
0x0000000a2dbfe2e0:   0000000000000000 00007ffc73c12900
0x0000000a2dbfe2f0:   0000000000000000 0000016770e65800
0x0000000a2dbfe300:   00007ffc73edfaf0 0000016765d232f0
0x0000000a2dbfe310:   0000000572e48b00 00007ffc73d16485
0x0000000a2dbfe320:   0000016772e47ab8 0000016770e65800
0x0000000a2dbfe330:   0000000100000006 0000016700000005
0x0000000a2dbfe340:   0000016766be2740 0000003800000003
0x0000000a2dbfe350:   0000b1d301192b23 0000000a2dbfe508
0x0000000a2dbfe360:   0000016772e47ab0 00007ffc737c1a39
0x0000000a2dbfe370:   0000000000000001 0000000a2dbfeaf0
0x0000000a2dbfe380:   0000016770e65800 0000016770e65800 

Instructions: (pc=0x0000000010014ed4)
0x0000000010014dd4:   8b 04 c1 48 8d 15 12 58 04 00 48 8b 4c 24 20 e8
0x0000000010014de4:   c8 1e 02 00 48 83 c4 38 c3 cc cc cc 48 89 54 24
0x0000000010014df4:   10 48 89 4c 24 08 b8 02 00 01 00 c3 cc cc cc cc
0x0000000010014e04:   cc cc cc cc cc cc cc cc cc cc cc cc 48 89 54 24
0x0000000010014e14:   10 48 89 4c 24 08 c3 cc cc cc cc cc cc cc cc cc
0x0000000010014e24:   cc cc cc cc cc cc cc cc cc cc cc cc 48 89 54 24
0x0000000010014e34:   10 48 89 4c 24 08 48 83 ec 38 48 8b 54 24 48 48
0x0000000010014e44:   8b 4c 24 40 e8 43 00 00 00 48 89 44 24 28 48 83
0x0000000010014e54:   7c 24 28 00 75 04 33 c0 eb 24 48 8b 44 24 28 48
0x0000000010014e64:   8b 40 10 48 89 44 24 20 48 8b 44 24 28 48 8b 4c
0x0000000010014e74:   24 40 48 89 08 48 8b 44 24 28 48 8b 40 10 48 83
0x0000000010014e84:   c4 38 c3 cc cc cc cc cc cc cc cc cc 48 89 54 24
0x0000000010014e94:   10 48 89 4c 24 08 48 83 ec 38 48 8b 54 24 48 48
0x0000000010014ea4:   8b 4c 24 40 e8 73 02 00 00 48 89 44 24 20 48 83
0x0000000010014eb4:   7c 24 20 00 75 15 48 8d 15 df 58 04 00 48 8b 4c
0x0000000010014ec4:   24 40 e8 45 00 00 00 33 c0 eb 32 48 8b 44 24 20
0x0000000010014ed4:   83 b8 38 01 00 00 00 74 1f 48 8b 44 24 20 44 8b
0x0000000010014ee4:   80 38 01 00 00 48 8b 54 24 20 48 8b 4c 24 40 e8
0x0000000010014ef4:   68 00 00 00 33 c0 eb 05 48 8b 44 24 20 48 83 c4
0x0000000010014f04:   38 c3 cc cc cc cc cc cc cc cc cc cc 48 89 54 24
0x0000000010014f14:   10 48 89 4c 24 08 48 83 ec 38 48 8b 44 24 40 48
0x0000000010014f24:   8b 00 48 8d 15 d3 56 04 00 48 8b 4c 24 40 ff 50
0x0000000010014f34:   30 48 89 44 24 20 48 8b 44 24 40 48 8b 00 4c 8b
0x0000000010014f44:   44 24 48 48 8b 54 24 20 48 8b 4c 24 40 ff 50 70
0x0000000010014f54:   48 83 c4 38 c3 cc cc cc cc cc cc cc 44 89 44 24
0x0000000010014f64:   18 48 89 54 24 10 48 89 4c 24 08 48 83 ec 58 8b
0x0000000010014f74:   44 24 70 89 44 24 28 81 7c 24 28 40 9c 00 00 7e
0x0000000010014f84:   0d 8b 44 24 28 2d 40 9c 00 00 89 44 24 28 8b 44
0x0000000010014f94:   24 28 89 44 24 40 83 7c 24 40 02 74 16 83 7c 24
0x0000000010014fa4:   40 05 74 30 81 7c 24 40 21 4e 00 00 74 47 e9 00
0x0000000010014fb4:   01 00 00 48 8b 44 24 60 48 8b 00 48 8d 15 c2 56
0x0000000010014fc4:   04 00 48 8b 4c 24 60 ff 50 30 48 89 44 24 20 e9 


Stack slot to memory mapping:
stack at sp + 0 slots: 0x0000016770e65b48 points into unknown readable memory: 0x00007ffc7405ce20 | 20 ce 05 74 fc 7f 00 00
stack at sp + 1 slots: 0x0000000a2dbfe500 is pointing into the stack for thread: 0x0000016770e65800
stack at sp + 2 slots: 0x0000000a2dbfe400 is pointing into the stack for thread: 0x0000016770e65800
stack at sp + 3 slots: 0x0 is NULL
stack at sp + 4 slots: 0x00000000729f0c50 is an unknown value
stack at sp + 5 slots: 0x0 is NULL
stack at sp + 6 slots: 0x0 is NULL
stack at sp + 7 slots: 0x0000000010025731 sigar-amd64-winnt.dll


---------------  P R O C E S S  ---------------

Threads class SMR info:
_java_thread_list=0x000001676345ca70, length=30, elements={
0x00000167615ef800, 0x0000016761eac800, 0x0000016761f00800, 0x0000016761f02000,
0x0000016761f03000, 0x0000016761f07800, 0x0000016761f0c000, 0x0000016761f11000,
0x000001676207b000, 0x0000016764ce7000, 0x0000016764ce8800, 0x0000016766d82000,
0x0000016762ccf000, 0x0000016770e60000, 0x0000016770e5e000, 0x0000016770e60800,
0x0000016770e61800, 0x0000016770e62000, 0x0000016770e63000, 0x0000016770e5d800,
0x0000016770e67000, 0x0000016770e69000, 0x0000016770e64800, 0x0000016770e68000,
0x0000016770e69800, 0x0000016770e64000, 0x0000016770e6a800, 0x0000016770e6b000,
0x0000016770e65800, 0x0000016770e6c000
}

Java Threads: ( => current thread )
  0x00000167615ef800 JavaThread "Reference Handler" daemon [_thread_blocked, id=26016, stack(0x0000000a2b200000,0x0000000a2b300000)]
  0x0000016761eac800 JavaThread "Finalizer" daemon [_thread_blocked, id=20296, stack(0x0000000a2b300000,0x0000000a2b400000)]
  0x0000016761f00800 JavaThread "Signal Dispatcher" daemon [_thread_blocked, id=23452, stack(0x0000000a2b400000,0x0000000a2b500000)]
  0x0000016761f02000 JavaThread "Attach Listener" daemon [_thread_blocked, id=22428, stack(0x0000000a2b500000,0x0000000a2b600000)]
  0x0000016761f03000 JavaThread "Service Thread" daemon [_thread_blocked, id=30200, stack(0x0000000a2b600000,0x0000000a2b700000)]
  0x0000016761f07800 JavaThread "C2 CompilerThread0" daemon [_thread_in_native, id=5024, stack(0x0000000a2b700000,0x0000000a2b800000)]
  0x0000016761f0c000 JavaThread "C1 CompilerThread0" daemon [_thread_blocked, id=13616, stack(0x0000000a2b800000,0x0000000a2b900000)]
  0x0000016761f11000 JavaThread "Sweeper thread" daemon [_thread_blocked, id=29860, stack(0x0000000a2b900000,0x0000000a2ba00000)]
  0x000001676207b000 JavaThread "Common-Cleaner" daemon [_thread_blocked, id=13020, stack(0x0000000a2bb00000,0x0000000a2bc00000)]
  0x0000016764ce7000 JavaThread "HikariPool-1 housekeeper" daemon [_thread_blocked, id=2856, stack(0x0000000a2c700000,0x0000000a2c800000)]
  0x0000016764ce8800 JavaThread "Keep-Alive-Timer" daemon [_thread_blocked, id=10836, stack(0x0000000a2bc00000,0x0000000a2bd00000)]
  0x0000016766d82000 JavaThread "C2 CompilerThread1" daemon [_thread_in_native, id=21296, stack(0x0000000a2bd00000,0x0000000a2be00000)]
  0x0000016762ccf000 JavaThread "C2 CompilerThread2" daemon [_thread_in_native, id=32600, stack(0x0000000a2c800000,0x0000000a2c900000)]
  0x0000016770e60000 JavaThread "Catalina-utility-1" [_thread_blocked, id=5624, stack(0x0000000a2ca00000,0x0000000a2cb00000)]
  0x0000016770e5e000 JavaThread "Catalina-utility-2" [_thread_blocked, id=31116, stack(0x0000000a2cb00000,0x0000000a2cc00000)]
  0x0000016770e60800 JavaThread "container-0" [_thread_blocked, id=14332, stack(0x0000000a2cc00000,0x0000000a2cd00000)]
  0x0000016770e61800 JavaThread "http-nio-8080-exec-1" daemon [_thread_blocked, id=9452, stack(0x0000000a2cf00000,0x0000000a2d000000)]
  0x0000016770e62000 JavaThread "http-nio-8080-exec-2" daemon [_thread_blocked, id=30572, stack(0x0000000a2d000000,0x0000000a2d100000)]
  0x0000016770e63000 JavaThread "http-nio-8080-exec-3" daemon [_thread_blocked, id=25164, stack(0x0000000a2d100000,0x0000000a2d200000)]
  0x0000016770e5d800 JavaThread "http-nio-8080-exec-4" daemon [_thread_blocked, id=3760, stack(0x0000000a2d200000,0x0000000a2d300000)]
  0x0000016770e67000 JavaThread "http-nio-8080-exec-5" daemon [_thread_blocked, id=24424, stack(0x0000000a2d300000,0x0000000a2d400000)]
  0x0000016770e69000 JavaThread "http-nio-8080-exec-6" daemon [_thread_blocked, id=3916, stack(0x0000000a2d400000,0x0000000a2d500000)]
  0x0000016770e64800 JavaThread "http-nio-8080-exec-7" daemon [_thread_blocked, id=492, stack(0x0000000a2d500000,0x0000000a2d600000)]
  0x0000016770e68000 JavaThread "http-nio-8080-exec-8" daemon [_thread_blocked, id=11612, stack(0x0000000a2d600000,0x0000000a2d700000)]
  0x0000016770e69800 JavaThread "http-nio-8080-exec-9" daemon [_thread_blocked, id=6120, stack(0x0000000a2d700000,0x0000000a2d800000)]
  0x0000016770e64000 JavaThread "http-nio-8080-exec-10" daemon [_thread_blocked, id=10956, stack(0x0000000a2d800000,0x0000000a2d900000)]
  0x0000016770e6a800 JavaThread "http-nio-8080-Poller" daemon [_thread_in_native, id=24940, stack(0x0000000a2d900000,0x0000000a2da00000)]
  0x0000016770e6b000 JavaThread "http-nio-8080-Acceptor" daemon [_thread_in_native, id=10360, stack(0x0000000a2da00000,0x0000000a2db00000)]
=>0x0000016770e65800 JavaThread "pool-2-thread-1" [_thread_in_native, id=14880, stack(0x0000000a2db00000,0x0000000a2dc00000)]
  0x0000016770e6c000 JavaThread "DestroyJavaVM" [_thread_blocked, id=29904, stack(0x0000000a2ab00000,0x0000000a2ac00000)]

Other Threads:
  0x0000016761615800 VMThread "VM Thread" [stack: 0x0000000a2b100000,0x0000000a2b200000] [id=1920]
  0x000001676206d000 WatcherThread [stack: 0x0000000a2ba00000,0x0000000a2bb00000] [id=26824]
  0x000001673d211000 GCTaskThread "GC Thread#0" [stack: 0x0000000a2ac00000,0x0000000a2ad00000] [id=4132]
  0x00000167628df000 GCTaskThread "GC Thread#1" [stack: 0x0000000a2be00000,0x0000000a2bf00000] [id=28928]
  0x00000167626d2000 GCTaskThread "GC Thread#2" [stack: 0x0000000a2bf00000,0x0000000a2c000000] [id=4464]
  0x00000167628f0000 GCTaskThread "GC Thread#3" [stack: 0x0000000a2c000000,0x0000000a2c100000] [id=23792]
  0x0000016762521800 GCTaskThread "GC Thread#4" [stack: 0x0000000a2c100000,0x0000000a2c200000] [id=24192]
  0x0000016763158000 GCTaskThread "GC Thread#5" [stack: 0x0000000a2c600000,0x0000000a2c700000] [id=25980]
  0x0000016767781800 GCTaskThread "GC Thread#6" [stack: 0x0000000a2c500000,0x0000000a2c600000] [id=10300]
  0x0000016763f0b000 GCTaskThread "GC Thread#7" [stack: 0x0000000a2c900000,0x0000000a2ca00000] [id=18316]
  0x000001673d26b000 ConcurrentGCThread "G1 Main Marker" [stack: 0x0000000a2ad00000,0x0000000a2ae00000] [id=11500]
  0x000001673d26c800 ConcurrentGCThread "G1 Conc#0" [stack: 0x0000000a2ae00000,0x0000000a2af00000] [id=9900]
  0x000001676365c000 ConcurrentGCThread "G1 Conc#1" [stack: 0x0000000a2c300000,0x0000000a2c400000] [id=24868]
  0x0000016766c8f800 ConcurrentGCThread "G1 Conc#2" [stack: 0x0000000a2c400000,0x0000000a2c500000] [id=13740]
  0x00000167614c2800 ConcurrentGCThread "G1 Refine#0" [stack: 0x0000000a2af00000,0x0000000a2b000000] [id=28896]
  0x0000016763f0a000 ConcurrentGCThread "G1 Refine#1" [stack: 0x0000000a2cd00000,0x0000000a2ce00000] [id=6688]
  0x0000016763f0b800 ConcurrentGCThread "G1 Refine#2" [stack: 0x0000000a2ce00000,0x0000000a2cf00000] [id=32628]
  0x00000167614c3800 ConcurrentGCThread "G1 Young RemSet Sampling" [stack: 0x0000000a2b000000,0x0000000a2b100000] [id=32392]

Threads with active compile tasks:
C2 CompilerThread0  12855 8545   !   4       java.lang.reflect.Field::declaredAnnotations (82 bytes)
C2 CompilerThread1  12855 8656   !   4       org.springframework.beans.factory.support.DefaultListableBeanFactory::doGetBeanNamesForType (528 bytes)
C2 CompilerThread2  12855 8653   !   4       java.lang.reflect.Executable::declaredAnnotations (85 bytes)

VM state:not at safepoint (normal execution)

VM Mutex/Monitor currently owned by a thread: None

Heap address: 0x0000000709600000, size: 3946 MB, Compressed Oops mode: Zero based, Oop shift amount: 3
Narrow klass base: 0x0000000800000000, Narrow klass shift: 0
Compressed class space size: 1073741824 Address: 0x0000000800000000

Heap:
 garbage-first heap   total 380928K, used 137543K [0x0000000709600000, 0x0000000800000000)
  region size 1024K, 117 young (119808K), 15 survivors (15360K)
 Metaspace       used 87997K, capacity 90279K, committed 90572K, reserved 1128448K
  class space    used 11286K, capacity 12231K, committed 12288K, reserved 1048576K
Heap Regions: E=young(eden), S=young(survivor), O=old, HS=humongous(starts), HC=humongous(continues), CS=collection set, F=free, A=archive, TAMS=top-at-mark-start (previous, next)
|   0|0x0000000709600000, 0x0000000709700000, 0x0000000709700000|100%| O|  |TAMS 0x0000000709700000, 0x0000000709600000| Untracked 
|   1|0x0000000709700000, 0x0000000709800000, 0x0000000709800000|100%| O|  |TAMS 0x0000000709800000, 0x0000000709700000| Untracked 
|   2|0x0000000709800000, 0x0000000709900000, 0x0000000709900000|100%| O|  |TAMS 0x0000000709900000, 0x0000000709800000| Untracked 
|   3|0x0000000709900000, 0x0000000709a00000, 0x0000000709a00000|100%| O|  |TAMS 0x0000000709a00000, 0x0000000709900000| Untracked 
|   4|0x0000000709a00000, 0x0000000709b00000, 0x0000000709b00000|100%| O|  |TAMS 0x0000000709b00000, 0x0000000709a00000| Untracked 
|   5|0x0000000709b00000, 0x0000000709c00000, 0x0000000709c00000|100%| O|  |TAMS 0x0000000709c00000, 0x0000000709b00000| Untracked 
|   6|0x0000000709c00000, 0x0000000709d00000, 0x0000000709d00000|100%| O|  |TAMS 0x0000000709d00000, 0x0000000709c00000| Untracked 
|   7|0x0000000709d00000, 0x0000000709e00000, 0x0000000709e00000|100%| O|  |TAMS 0x0000000709e00000, 0x0000000709d00000| Untracked 
|   8|0x0000000709e00000, 0x0000000709f00000, 0x0000000709f00000|100%| O|  |TAMS 0x0000000709eae600, 0x0000000709e00000| Untracked 
|   9|0x0000000709f00000, 0x000000070a000000, 0x000000070a000000|100%| O|  |TAMS 0x0000000709f00000, 0x0000000709f00000| Untracked 
|  10|0x000000070a000000, 0x000000070a100000, 0x000000070a100000|100%| O|  |TAMS 0x000000070a000000, 0x000000070a000000| Untracked 
|  11|0x000000070a100000, 0x000000070a200000, 0x000000070a200000|100%| O|  |TAMS 0x000000070a100000, 0x000000070a100000| Untracked 
|  12|0x000000070a200000, 0x000000070a300000, 0x000000070a300000|100%| O|  |TAMS 0x000000070a200000, 0x000000070a200000| Untracked 
|  13|0x000000070a300000, 0x000000070a400000, 0x000000070a400000|100%| O|  |TAMS 0x000000070a300000, 0x000000070a300000| Untracked 
|  14|0x000000070a400000, 0x000000070a500000, 0x000000070a500000|100%| O|  |TAMS 0x000000070a400000, 0x000000070a400000| Untracked 
|  15|0x000000070a500000, 0x000000070a600000, 0x000000070a600000|100%| O|  |TAMS 0x000000070a500000, 0x000000070a500000| Untracked 
|  16|0x000000070a600000, 0x000000070a700000, 0x000000070a700000|100%| O|  |TAMS 0x000000070a600000, 0x000000070a600000| Untracked 
|  17|0x000000070a700000, 0x000000070a800000, 0x000000070a800000|100%| O|  |TAMS 0x000000070a700000, 0x000000070a700000| Untracked 
|  18|0x000000070a800000, 0x000000070a879a00, 0x000000070a900000| 47%| O|  |TAMS 0x000000070a800000, 0x000000070a800000| Untracked 
|  19|0x000000070a900000, 0x000000070a900000, 0x000000070aa00000|  0%| F|  |TAMS 0x000000070a900000, 0x000000070a900000| Untracked 
|  20|0x000000070aa00000, 0x000000070aa00000, 0x000000070ab00000|  0%| F|  |TAMS 0x000000070aa00000, 0x000000070aa00000| Untracked 
|  21|0x000000070ab00000, 0x000000070ab00000, 0x000000070ac00000|  0%| F|  |TAMS 0x000000070ab00000, 0x000000070ab00000| Untracked 
|  22|0x000000070ac00000, 0x000000070ac00000, 0x000000070ad00000|  0%| F|  |TAMS 0x000000070ac00000, 0x000000070ac00000| Untracked 
|  23|0x000000070ad00000, 0x000000070ad00000, 0x000000070ae00000|  0%| F|  |TAMS 0x000000070ad00000, 0x000000070ad00000| Untracked 
|  24|0x000000070ae00000, 0x000000070ae00000, 0x000000070af00000|  0%| F|  |TAMS 0x000000070ae00000, 0x000000070ae00000| Untracked 
|  25|0x000000070af00000, 0x000000070af00000, 0x000000070b000000|  0%| F|  |TAMS 0x000000070af00000, 0x000000070af00000| Untracked 
|  26|0x000000070b000000, 0x000000070b000000, 0x000000070b100000|  0%| F|  |TAMS 0x000000070b000000, 0x000000070b000000| Untracked 
|  27|0x000000070b100000, 0x000000070b100000, 0x000000070b200000|  0%| F|  |TAMS 0x000000070b100000, 0x000000070b100000| Untracked 
|  28|0x000000070b200000, 0x000000070b200000, 0x000000070b300000|  0%| F|  |TAMS 0x000000070b200000, 0x000000070b200000| Untracked 
|  29|0x000000070b300000, 0x000000070b300000, 0x000000070b400000|  0%| F|  |TAMS 0x000000070b300000, 0x000000070b300000| Untracked 
|  30|0x000000070b400000, 0x000000070b400000, 0x000000070b500000|  0%| F|  |TAMS 0x000000070b400000, 0x000000070b400000| Untracked 
|  31|0x000000070b500000, 0x000000070b500000, 0x000000070b600000|  0%| F|  |TAMS 0x000000070b500000, 0x000000070b500000| Untracked 
|  32|0x000000070b600000, 0x000000070b600000, 0x000000070b700000|  0%| F|  |TAMS 0x000000070b600000, 0x000000070b600000| Untracked 
|  33|0x000000070b700000, 0x000000070b700000, 0x000000070b800000|  0%| F|  |TAMS 0x000000070b700000, 0x000000070b700000| Untracked 
|  34|0x000000070b800000, 0x000000070b800000, 0x000000070b900000|  0%| F|  |TAMS 0x000000070b800000, 0x000000070b800000| Untracked 
|  35|0x000000070b900000, 0x000000070b900000, 0x000000070ba00000|  0%| F|  |TAMS 0x000000070b900000, 0x000000070b900000| Untracked 
|  36|0x000000070ba00000, 0x000000070ba00000, 0x000000070bb00000|  0%| F|  |TAMS 0x000000070ba00000, 0x000000070ba00000| Untracked 
|  37|0x000000070bb00000, 0x000000070bb00000, 0x000000070bc00000|  0%| F|  |TAMS 0x000000070bb00000, 0x000000070bb00000| Untracked 
|  38|0x000000070bc00000, 0x000000070bc00000, 0x000000070bd00000|  0%| F|  |TAMS 0x000000070bc00000, 0x000000070bc00000| Untracked 
|  39|0x000000070bd00000, 0x000000070bd00000, 0x000000070be00000|  0%| F|  |TAMS 0x000000070bd00000, 0x000000070bd00000| Untracked 
|  40|0x000000070be00000, 0x000000070be00000, 0x000000070bf00000|  0%| F|  |TAMS 0x000000070be00000, 0x000000070be00000| Untracked 
|  41|0x000000070bf00000, 0x000000070bf00000, 0x000000070c000000|  0%| F|  |TAMS 0x000000070bf00000, 0x000000070bf00000| Untracked 
|  42|0x000000070c000000, 0x000000070c000000, 0x000000070c100000|  0%| F|  |TAMS 0x000000070c000000, 0x000000070c000000| Untracked 
|  43|0x000000070c100000, 0x000000070c100000, 0x000000070c200000|  0%| F|  |TAMS 0x000000070c100000, 0x000000070c100000| Untracked 
|  44|0x000000070c200000, 0x000000070c200000, 0x000000070c300000|  0%| F|  |TAMS 0x000000070c200000, 0x000000070c200000| Untracked 
|  45|0x000000070c300000, 0x000000070c300000, 0x000000070c400000|  0%| F|  |TAMS 0x000000070c300000, 0x000000070c300000| Untracked 
|  46|0x000000070c400000, 0x000000070c400000, 0x000000070c500000|  0%| F|  |TAMS 0x000000070c400000, 0x000000070c400000| Untracked 
|  47|0x000000070c500000, 0x000000070c500000, 0x000000070c600000|  0%| F|  |TAMS 0x000000070c500000, 0x000000070c500000| Untracked 
|  48|0x000000070c600000, 0x000000070c600000, 0x000000070c700000|  0%| F|  |TAMS 0x000000070c600000, 0x000000070c600000| Untracked 
|  49|0x000000070c700000, 0x000000070c700000, 0x000000070c800000|  0%| F|  |TAMS 0x000000070c700000, 0x000000070c700000| Untracked 
|  50|0x000000070c800000, 0x000000070c800000, 0x000000070c900000|  0%| F|  |TAMS 0x000000070c800000, 0x000000070c800000| Untracked 
|  51|0x000000070c900000, 0x000000070c900000, 0x000000070ca00000|  0%| F|  |TAMS 0x000000070c900000, 0x000000070c900000| Untracked 
|  52|0x000000070ca00000, 0x000000070ca00000, 0x000000070cb00000|  0%| F|  |TAMS 0x000000070ca00000, 0x000000070ca00000| Untracked 
|  53|0x000000070cb00000, 0x000000070cb00000, 0x000000070cc00000|  0%| F|  |TAMS 0x000000070cb00000, 0x000000070cb00000| Untracked 
|  54|0x000000070cc00000, 0x000000070cc00000, 0x000000070cd00000|  0%| F|  |TAMS 0x000000070cc00000, 0x000000070cc00000| Untracked 
|  55|0x000000070cd00000, 0x000000070cd00000, 0x000000070ce00000|  0%| F|  |TAMS 0x000000070cd00000, 0x000000070cd00000| Untracked 
|  56|0x000000070ce00000, 0x000000070ce00000, 0x000000070cf00000|  0%| F|  |TAMS 0x000000070ce00000, 0x000000070ce00000| Untracked 
|  57|0x000000070cf00000, 0x000000070cf00000, 0x000000070d000000|  0%| F|  |TAMS 0x000000070cf00000, 0x000000070cf00000| Untracked 
|  58|0x000000070d000000, 0x000000070d000000, 0x000000070d100000|  0%| F|  |TAMS 0x000000070d000000, 0x000000070d000000| Untracked 
|  59|0x000000070d100000, 0x000000070d100000, 0x000000070d200000|  0%| F|  |TAMS 0x000000070d100000, 0x000000070d100000| Untracked 
|  60|0x000000070d200000, 0x000000070d200000, 0x000000070d300000|  0%| F|  |TAMS 0x000000070d200000, 0x000000070d200000| Untracked 
|  61|0x000000070d300000, 0x000000070d300000, 0x000000070d400000|  0%| F|  |TAMS 0x000000070d300000, 0x000000070d300000| Untracked 
|  62|0x000000070d400000, 0x000000070d400000, 0x000000070d500000|  0%| F|  |TAMS 0x000000070d400000, 0x000000070d400000| Untracked 
|  63|0x000000070d500000, 0x000000070d500000, 0x000000070d600000|  0%| F|  |TAMS 0x000000070d500000, 0x000000070d500000| Untracked 
|  64|0x000000070d600000, 0x000000070d600000, 0x000000070d700000|  0%| F|  |TAMS 0x000000070d600000, 0x000000070d600000| Untracked 
|  65|0x000000070d700000, 0x000000070d700000, 0x000000070d800000|  0%| F|  |TAMS 0x000000070d700000, 0x000000070d700000| Untracked 
|  66|0x000000070d800000, 0x000000070d800000, 0x000000070d900000|  0%| F|  |TAMS 0x000000070d800000, 0x000000070d800000| Untracked 
|  67|0x000000070d900000, 0x000000070d900000, 0x000000070da00000|  0%| F|  |TAMS 0x000000070d900000, 0x000000070d900000| Untracked 
|  68|0x000000070da00000, 0x000000070da00000, 0x000000070db00000|  0%| F|  |TAMS 0x000000070da00000, 0x000000070da00000| Untracked 
|  69|0x000000070db00000, 0x000000070db00000, 0x000000070dc00000|  0%| F|  |TAMS 0x000000070db00000, 0x000000070db00000| Untracked 
|  70|0x000000070dc00000, 0x000000070dc00000, 0x000000070dd00000|  0%| F|  |TAMS 0x000000070dc00000, 0x000000070dc00000| Untracked 
|  71|0x000000070dd00000, 0x000000070dd00000, 0x000000070de00000|  0%| F|  |TAMS 0x000000070dd00000, 0x000000070dd00000| Untracked 
|  72|0x000000070de00000, 0x000000070de00000, 0x000000070df00000|  0%| F|  |TAMS 0x000000070de00000, 0x000000070de00000| Untracked 
|  73|0x000000070df00000, 0x000000070df00000, 0x000000070e000000|  0%| F|  |TAMS 0x000000070df00000, 0x000000070df00000| Untracked 
|  74|0x000000070e000000, 0x000000070e000000, 0x000000070e100000|  0%| F|  |TAMS 0x000000070e000000, 0x000000070e000000| Untracked 
|  75|0x000000070e100000, 0x000000070e100000, 0x000000070e200000|  0%| F|  |TAMS 0x000000070e100000, 0x000000070e100000| Untracked 
|  76|0x000000070e200000, 0x000000070e200000, 0x000000070e300000|  0%| F|  |TAMS 0x000000070e200000, 0x000000070e200000| Untracked 
|  77|0x000000070e300000, 0x000000070e300000, 0x000000070e400000|  0%| F|  |TAMS 0x000000070e300000, 0x000000070e300000| Untracked 
|  78|0x000000070e400000, 0x000000070e400000, 0x000000070e500000|  0%| F|  |TAMS 0x000000070e400000, 0x000000070e400000| Untracked 
|  79|0x000000070e500000, 0x000000070e500000, 0x000000070e600000|  0%| F|  |TAMS 0x000000070e500000, 0x000000070e500000| Untracked 
|  80|0x000000070e600000, 0x000000070e600000, 0x000000070e700000|  0%| F|  |TAMS 0x000000070e600000, 0x000000070e600000| Untracked 
|  81|0x000000070e700000, 0x000000070e700000, 0x000000070e800000|  0%| F|  |TAMS 0x000000070e700000, 0x000000070e700000| Untracked 
|  82|0x000000070e800000, 0x000000070e800000, 0x000000070e900000|  0%| F|  |TAMS 0x000000070e800000, 0x000000070e800000| Untracked 
|  83|0x000000070e900000, 0x000000070e900000, 0x000000070ea00000|  0%| F|  |TAMS 0x000000070e900000, 0x000000070e900000| Untracked 
|  84|0x000000070ea00000, 0x000000070ea00000, 0x000000070eb00000|  0%| F|  |TAMS 0x000000070ea00000, 0x000000070ea00000| Untracked 
|  85|0x000000070eb00000, 0x000000070eb00000, 0x000000070ec00000|  0%| F|  |TAMS 0x000000070eb00000, 0x000000070eb00000| Untracked 
|  86|0x000000070ec00000, 0x000000070ec00000, 0x000000070ed00000|  0%| F|  |TAMS 0x000000070ec00000, 0x000000070ec00000| Untracked 
|  87|0x000000070ed00000, 0x000000070ed00000, 0x000000070ee00000|  0%| F|  |TAMS 0x000000070ed00000, 0x000000070ed00000| Untracked 
|  88|0x000000070ee00000, 0x000000070ee00000, 0x000000070ef00000|  0%| F|  |TAMS 0x000000070ee00000, 0x000000070ee00000| Untracked 
|  89|0x000000070ef00000, 0x000000070ef00000, 0x000000070f000000|  0%| F|  |TAMS 0x000000070ef00000, 0x000000070ef00000| Untracked 
|  90|0x000000070f000000, 0x000000070f000000, 0x000000070f100000|  0%| F|  |TAMS 0x000000070f000000, 0x000000070f000000| Untracked 
|  91|0x000000070f100000, 0x000000070f100000, 0x000000070f200000|  0%| F|  |TAMS 0x000000070f100000, 0x000000070f100000| Untracked 
|  92|0x000000070f200000, 0x000000070f200000, 0x000000070f300000|  0%| F|  |TAMS 0x000000070f200000, 0x000000070f200000| Untracked 
|  93|0x000000070f300000, 0x000000070f300000, 0x000000070f400000|  0%| F|  |TAMS 0x000000070f300000, 0x000000070f300000| Untracked 
|  94|0x000000070f400000, 0x000000070f400000, 0x000000070f500000|  0%| F|  |TAMS 0x000000070f400000, 0x000000070f400000| Untracked 
|  95|0x000000070f500000, 0x000000070f500000, 0x000000070f600000|  0%| F|  |TAMS 0x000000070f500000, 0x000000070f500000| Untracked 
|  96|0x000000070f600000, 0x000000070f600000, 0x000000070f700000|  0%| F|  |TAMS 0x000000070f600000, 0x000000070f600000| Untracked 
|  97|0x000000070f700000, 0x000000070f700000, 0x000000070f800000|  0%| F|  |TAMS 0x000000070f700000, 0x000000070f700000| Untracked 
|  98|0x000000070f800000, 0x000000070f800000, 0x000000070f900000|  0%| F|  |TAMS 0x000000070f800000, 0x000000070f800000| Untracked 
|  99|0x000000070f900000, 0x000000070f900000, 0x000000070fa00000|  0%| F|  |TAMS 0x000000070f900000, 0x000000070f900000| Untracked 
| 100|0x000000070fa00000, 0x000000070fa00000, 0x000000070fb00000|  0%| F|  |TAMS 0x000000070fa00000, 0x000000070fa00000| Untracked 
| 101|0x000000070fb00000, 0x000000070fb00000, 0x000000070fc00000|  0%| F|  |TAMS 0x000000070fb00000, 0x000000070fb00000| Untracked 
| 102|0x000000070fc00000, 0x000000070fc00000, 0x000000070fd00000|  0%| F|  |TAMS 0x000000070fc00000, 0x000000070fc00000| Untracked 
| 103|0x000000070fd00000, 0x000000070fd00000, 0x000000070fe00000|  0%| F|  |TAMS 0x000000070fd00000, 0x000000070fd00000| Untracked 
| 104|0x000000070fe00000, 0x000000070fe00000, 0x000000070ff00000|  0%| F|  |TAMS 0x000000070fe00000, 0x000000070fe00000| Untracked 
| 105|0x000000070ff00000, 0x000000070ff00000, 0x0000000710000000|  0%| F|  |TAMS 0x000000070ff00000, 0x000000070ff00000| Untracked 
| 106|0x0000000710000000, 0x0000000710000000, 0x0000000710100000|  0%| F|  |TAMS 0x0000000710000000, 0x0000000710000000| Untracked 
| 107|0x0000000710100000, 0x0000000710100000, 0x0000000710200000|  0%| F|  |TAMS 0x0000000710100000, 0x0000000710100000| Untracked 
| 108|0x0000000710200000, 0x0000000710200000, 0x0000000710300000|  0%| F|  |TAMS 0x0000000710200000, 0x0000000710200000| Untracked 
| 109|0x0000000710300000, 0x0000000710300000, 0x0000000710400000|  0%| F|  |TAMS 0x0000000710300000, 0x0000000710300000| Untracked 
| 110|0x0000000710400000, 0x0000000710400000, 0x0000000710500000|  0%| F|  |TAMS 0x0000000710400000, 0x0000000710400000| Untracked 
| 111|0x0000000710500000, 0x0000000710500000, 0x0000000710600000|  0%| F|  |TAMS 0x0000000710500000, 0x0000000710500000| Untracked 
| 112|0x0000000710600000, 0x0000000710600000, 0x0000000710700000|  0%| F|  |TAMS 0x0000000710600000, 0x0000000710600000| Untracked 
| 113|0x0000000710700000, 0x0000000710700000, 0x0000000710800000|  0%| F|  |TAMS 0x0000000710700000, 0x0000000710700000| Untracked 
| 114|0x0000000710800000, 0x0000000710800000, 0x0000000710900000|  0%| F|  |TAMS 0x0000000710800000, 0x0000000710800000| Untracked 
| 115|0x0000000710900000, 0x0000000710900000, 0x0000000710a00000|  0%| F|  |TAMS 0x0000000710900000, 0x0000000710900000| Untracked 
| 116|0x0000000710a00000, 0x0000000710a00000, 0x0000000710b00000|  0%| F|  |TAMS 0x0000000710a00000, 0x0000000710a00000| Untracked 
| 117|0x0000000710b00000, 0x0000000710b00000, 0x0000000710c00000|  0%| F|  |TAMS 0x0000000710b00000, 0x0000000710b00000| Untracked 
| 118|0x0000000710c00000, 0x0000000710c00000, 0x0000000710d00000|  0%| F|  |TAMS 0x0000000710c00000, 0x0000000710c00000| Untracked 
| 119|0x0000000710d00000, 0x0000000710d00000, 0x0000000710e00000|  0%| F|  |TAMS 0x0000000710d00000, 0x0000000710d00000| Untracked 
| 120|0x0000000710e00000, 0x0000000710e00000, 0x0000000710f00000|  0%| F|  |TAMS 0x0000000710e00000, 0x0000000710e00000| Untracked 
| 121|0x0000000710f00000, 0x0000000710f00000, 0x0000000711000000|  0%| F|  |TAMS 0x0000000710f00000, 0x0000000710f00000| Untracked 
| 122|0x0000000711000000, 0x0000000711000000, 0x0000000711100000|  0%| F|  |TAMS 0x0000000711000000, 0x0000000711000000| Untracked 
| 123|0x0000000711100000, 0x0000000711100000, 0x0000000711200000|  0%| F|  |TAMS 0x0000000711100000, 0x0000000711100000| Untracked 
| 124|0x0000000711200000, 0x0000000711200000, 0x0000000711300000|  0%| F|  |TAMS 0x0000000711200000, 0x0000000711200000| Untracked 
| 125|0x0000000711300000, 0x0000000711300000, 0x0000000711400000|  0%| F|  |TAMS 0x0000000711300000, 0x0000000711300000| Untracked 
| 126|0x0000000711400000, 0x0000000711400000, 0x0000000711500000|  0%| F|  |TAMS 0x0000000711400000, 0x0000000711400000| Untracked 
| 127|0x0000000711500000, 0x0000000711500000, 0x0000000711600000|  0%| F|  |TAMS 0x0000000711500000, 0x0000000711500000| Untracked 
| 128|0x0000000711600000, 0x0000000711600000, 0x0000000711700000|  0%| F|  |TAMS 0x0000000711600000, 0x0000000711600000| Untracked 
| 129|0x0000000711700000, 0x0000000711700000, 0x0000000711800000|  0%| F|  |TAMS 0x0000000711700000, 0x0000000711700000| Untracked 
| 130|0x0000000711800000, 0x0000000711800000, 0x0000000711900000|  0%| F|  |TAMS 0x0000000711800000, 0x0000000711800000| Untracked 
| 131|0x0000000711900000, 0x0000000711900000, 0x0000000711a00000|  0%| F|  |TAMS 0x0000000711900000, 0x0000000711900000| Untracked 
| 132|0x0000000711a00000, 0x0000000711a00000, 0x0000000711b00000|  0%| F|  |TAMS 0x0000000711a00000, 0x0000000711a00000| Untracked 
| 133|0x0000000711b00000, 0x0000000711b00000, 0x0000000711c00000|  0%| F|  |TAMS 0x0000000711b00000, 0x0000000711b00000| Untracked 
| 134|0x0000000711c00000, 0x0000000711c00000, 0x0000000711d00000|  0%| F|  |TAMS 0x0000000711c00000, 0x0000000711c00000| Untracked 
| 135|0x0000000711d00000, 0x0000000711d00000, 0x0000000711e00000|  0%| F|  |TAMS 0x0000000711d00000, 0x0000000711d00000| Untracked 
| 136|0x0000000711e00000, 0x0000000711e00000, 0x0000000711f00000|  0%| F|  |TAMS 0x0000000711e00000, 0x0000000711e00000| Untracked 
| 137|0x0000000711f00000, 0x0000000711f00000, 0x0000000712000000|  0%| F|  |TAMS 0x0000000711f00000, 0x0000000711f00000| Untracked 
| 138|0x0000000712000000, 0x0000000712000000, 0x0000000712100000|  0%| F|  |TAMS 0x0000000712000000, 0x0000000712000000| Untracked 
| 139|0x0000000712100000, 0x0000000712100000, 0x0000000712200000|  0%| F|  |TAMS 0x0000000712100000, 0x0000000712100000| Untracked 
| 140|0x0000000712200000, 0x0000000712200000, 0x0000000712300000|  0%| F|  |TAMS 0x0000000712200000, 0x0000000712200000| Untracked 
| 141|0x0000000712300000, 0x0000000712300000, 0x0000000712400000|  0%| F|  |TAMS 0x0000000712300000, 0x0000000712300000| Untracked 
| 142|0x0000000712400000, 0x0000000712400000, 0x0000000712500000|  0%| F|  |TAMS 0x0000000712400000, 0x0000000712400000| Untracked 
| 143|0x0000000712500000, 0x0000000712500000, 0x0000000712600000|  0%| F|  |TAMS 0x0000000712500000, 0x0000000712500000| Untracked 
| 144|0x0000000712600000, 0x0000000712600000, 0x0000000712700000|  0%| F|  |TAMS 0x0000000712600000, 0x0000000712600000| Untracked 
| 145|0x0000000712700000, 0x0000000712700000, 0x0000000712800000|  0%| F|  |TAMS 0x0000000712700000, 0x0000000712700000| Untracked 
| 146|0x0000000712800000, 0x0000000712800000, 0x0000000712900000|  0%| F|  |TAMS 0x0000000712800000, 0x0000000712800000| Untracked 
| 147|0x0000000712900000, 0x0000000712900000, 0x0000000712a00000|  0%| F|  |TAMS 0x0000000712900000, 0x0000000712900000| Untracked 
| 148|0x0000000712a00000, 0x0000000712a00000, 0x0000000712b00000|  0%| F|  |TAMS 0x0000000712a00000, 0x0000000712a00000| Untracked 
| 149|0x0000000712b00000, 0x0000000712b00000, 0x0000000712c00000|  0%| F|  |TAMS 0x0000000712b00000, 0x0000000712b00000| Untracked 
| 150|0x0000000712c00000, 0x0000000712c00000, 0x0000000712d00000|  0%| F|  |TAMS 0x0000000712c00000, 0x0000000712c00000| Untracked 
| 151|0x0000000712d00000, 0x0000000712d00000, 0x0000000712e00000|  0%| F|  |TAMS 0x0000000712d00000, 0x0000000712d00000| Untracked 
| 152|0x0000000712e00000, 0x0000000712e00000, 0x0000000712f00000|  0%| F|  |TAMS 0x0000000712e00000, 0x0000000712e00000| Untracked 
| 153|0x0000000712f00000, 0x0000000712fd85c0, 0x0000000713000000| 84%| S|CS|TAMS 0x0000000712f00000, 0x0000000712f00000| Complete 
| 154|0x0000000713000000, 0x0000000713100000, 0x0000000713100000|100%| S|CS|TAMS 0x0000000713000000, 0x0000000713000000| Complete 
| 155|0x0000000713100000, 0x0000000713200000, 0x0000000713200000|100%| S|CS|TAMS 0x0000000713100000, 0x0000000713100000| Complete 
| 156|0x0000000713200000, 0x0000000713300000, 0x0000000713300000|100%| S|CS|TAMS 0x0000000713200000, 0x0000000713200000| Complete 
| 157|0x0000000713300000, 0x0000000713400000, 0x0000000713400000|100%| S|CS|TAMS 0x0000000713300000, 0x0000000713300000| Complete 
| 158|0x0000000713400000, 0x0000000713500000, 0x0000000713500000|100%| S|CS|TAMS 0x0000000713400000, 0x0000000713400000| Complete 
| 159|0x0000000713500000, 0x0000000713600000, 0x0000000713600000|100%| S|CS|TAMS 0x0000000713500000, 0x0000000713500000| Complete 
| 160|0x0000000713600000, 0x0000000713700000, 0x0000000713700000|100%| S|CS|TAMS 0x0000000713600000, 0x0000000713600000| Complete 
| 161|0x0000000713700000, 0x0000000713800000, 0x0000000713800000|100%| S|CS|TAMS 0x0000000713700000, 0x0000000713700000| Complete 
| 162|0x0000000713800000, 0x0000000713900000, 0x0000000713900000|100%| S|CS|TAMS 0x0000000713800000, 0x0000000713800000| Complete 
| 163|0x0000000713900000, 0x0000000713900000, 0x0000000713a00000|  0%| F|  |TAMS 0x0000000713900000, 0x0000000713900000| Untracked 
| 164|0x0000000713a00000, 0x0000000713b00000, 0x0000000713b00000|100%| S|CS|TAMS 0x0000000713a00000, 0x0000000713a00000| Complete 
| 165|0x0000000713b00000, 0x0000000713c00000, 0x0000000713c00000|100%| S|CS|TAMS 0x0000000713b00000, 0x0000000713b00000| Complete 
| 166|0x0000000713c00000, 0x0000000713d00000, 0x0000000713d00000|100%| S|CS|TAMS 0x0000000713c00000, 0x0000000713c00000| Complete 
| 167|0x0000000713d00000, 0x0000000713e00000, 0x0000000713e00000|100%| S|CS|TAMS 0x0000000713d00000, 0x0000000713d00000| Complete 
| 168|0x0000000713e00000, 0x0000000713f00000, 0x0000000713f00000|100%| S|CS|TAMS 0x0000000713e00000, 0x0000000713e00000| Complete 
| 169|0x0000000713f00000, 0x0000000713f00000, 0x0000000714000000|  0%| F|  |TAMS 0x0000000713f00000, 0x0000000713f00000| Untracked 
| 170|0x0000000714000000, 0x0000000714000000, 0x0000000714100000|  0%| F|  |TAMS 0x0000000714000000, 0x0000000714000000| Untracked 
| 171|0x0000000714100000, 0x0000000714100000, 0x0000000714200000|  0%| F|  |TAMS 0x0000000714100000, 0x0000000714100000| Untracked 
| 172|0x0000000714200000, 0x0000000714200000, 0x0000000714300000|  0%| F|  |TAMS 0x0000000714200000, 0x0000000714200000| Untracked 
| 173|0x0000000714300000, 0x0000000714300000, 0x0000000714400000|  0%| F|  |TAMS 0x0000000714300000, 0x0000000714300000| Untracked 
| 174|0x0000000714400000, 0x0000000714400000, 0x0000000714500000|  0%| F|  |TAMS 0x0000000714400000, 0x0000000714400000| Untracked 
| 175|0x0000000714500000, 0x0000000714500000, 0x0000000714600000|  0%| F|  |TAMS 0x0000000714500000, 0x0000000714500000| Untracked 
| 176|0x0000000714600000, 0x0000000714600000, 0x0000000714700000|  0%| F|  |TAMS 0x0000000714600000, 0x0000000714600000| Untracked 
| 177|0x0000000714700000, 0x0000000714700000, 0x0000000714800000|  0%| F|  |TAMS 0x0000000714700000, 0x0000000714700000| Untracked 
| 178|0x0000000714800000, 0x0000000714800000, 0x0000000714900000|  0%| F|  |TAMS 0x0000000714800000, 0x0000000714800000| Untracked 
| 179|0x0000000714900000, 0x0000000714900000, 0x0000000714a00000|  0%| F|  |TAMS 0x0000000714900000, 0x0000000714900000| Untracked 
| 180|0x0000000714a00000, 0x0000000714a00000, 0x0000000714b00000|  0%| F|  |TAMS 0x0000000714a00000, 0x0000000714a00000| Untracked 
| 181|0x0000000714b00000, 0x0000000714b00000, 0x0000000714c00000|  0%| F|  |TAMS 0x0000000714b00000, 0x0000000714b00000| Untracked 
| 182|0x0000000714c00000, 0x0000000714c00000, 0x0000000714d00000|  0%| F|  |TAMS 0x0000000714c00000, 0x0000000714c00000| Untracked 
| 183|0x0000000714d00000, 0x0000000714d00000, 0x0000000714e00000|  0%| F|  |TAMS 0x0000000714d00000, 0x0000000714d00000| Untracked 
| 184|0x0000000714e00000, 0x0000000714e00000, 0x0000000714f00000|  0%| F|  |TAMS 0x0000000714e00000, 0x0000000714e00000| Untracked 
| 185|0x0000000714f00000, 0x0000000714f00000, 0x0000000715000000|  0%| F|  |TAMS 0x0000000714f00000, 0x0000000714f00000| Untracked 
| 186|0x0000000715000000, 0x0000000715000000, 0x0000000715100000|  0%| F|  |TAMS 0x0000000715000000, 0x0000000715000000| Untracked 
| 187|0x0000000715100000, 0x0000000715100000, 0x0000000715200000|  0%| F|  |TAMS 0x0000000715100000, 0x0000000715100000| Untracked 
| 188|0x0000000715200000, 0x0000000715200000, 0x0000000715300000|  0%| F|  |TAMS 0x0000000715200000, 0x0000000715200000| Untracked 
| 189|0x0000000715300000, 0x0000000715300000, 0x0000000715400000|  0%| F|  |TAMS 0x0000000715300000, 0x0000000715300000| Untracked 
| 190|0x0000000715400000, 0x0000000715400000, 0x0000000715500000|  0%| F|  |TAMS 0x0000000715400000, 0x0000000715400000| Untracked 
| 191|0x0000000715500000, 0x0000000715500000, 0x0000000715600000|  0%| F|  |TAMS 0x0000000715500000, 0x0000000715500000| Untracked 
| 192|0x0000000715600000, 0x0000000715600000, 0x0000000715700000|  0%| F|  |TAMS 0x0000000715600000, 0x0000000715600000| Untracked 
| 193|0x0000000715700000, 0x0000000715700000, 0x0000000715800000|  0%| F|  |TAMS 0x0000000715700000, 0x0000000715700000| Untracked 
| 194|0x0000000715800000, 0x0000000715800000, 0x0000000715900000|  0%| F|  |TAMS 0x0000000715800000, 0x0000000715800000| Untracked 
| 195|0x0000000715900000, 0x0000000715900000, 0x0000000715a00000|  0%| F|  |TAMS 0x0000000715900000, 0x0000000715900000| Untracked 
| 196|0x0000000715a00000, 0x0000000715a00000, 0x0000000715b00000|  0%| F|  |TAMS 0x0000000715a00000, 0x0000000715a00000| Untracked 
| 197|0x0000000715b00000, 0x0000000715b00000, 0x0000000715c00000|  0%| F|  |TAMS 0x0000000715b00000, 0x0000000715b00000| Untracked 
| 198|0x0000000715c00000, 0x0000000715c00000, 0x0000000715d00000|  0%| F|  |TAMS 0x0000000715c00000, 0x0000000715c00000| Untracked 
| 199|0x0000000715d00000, 0x0000000715d00000, 0x0000000715e00000|  0%| F|  |TAMS 0x0000000715d00000, 0x0000000715d00000| Untracked 
| 200|0x0000000715e00000, 0x0000000715e00000, 0x0000000715f00000|  0%| F|  |TAMS 0x0000000715e00000, 0x0000000715e00000| Untracked 
| 201|0x0000000715f00000, 0x0000000715f00000, 0x0000000716000000|  0%| F|  |TAMS 0x0000000715f00000, 0x0000000715f00000| Untracked 
| 202|0x0000000716000000, 0x0000000716000000, 0x0000000716100000|  0%| F|  |TAMS 0x0000000716000000, 0x0000000716000000| Untracked 
| 203|0x0000000716100000, 0x0000000716100000, 0x0000000716200000|  0%| F|  |TAMS 0x0000000716100000, 0x0000000716100000| Untracked 
| 204|0x0000000716200000, 0x0000000716200000, 0x0000000716300000|  0%| F|  |TAMS 0x0000000716200000, 0x0000000716200000| Untracked 
| 205|0x0000000716300000, 0x0000000716300000, 0x0000000716400000|  0%| F|  |TAMS 0x0000000716300000, 0x0000000716300000| Untracked 
| 206|0x0000000716400000, 0x0000000716400000, 0x0000000716500000|  0%| F|  |TAMS 0x0000000716400000, 0x0000000716400000| Untracked 
| 207|0x0000000716500000, 0x0000000716500000, 0x0000000716600000|  0%| F|  |TAMS 0x0000000716500000, 0x0000000716500000| Untracked 
| 208|0x0000000716600000, 0x0000000716600000, 0x0000000716700000|  0%| F|  |TAMS 0x0000000716600000, 0x0000000716600000| Untracked 
| 209|0x0000000716700000, 0x0000000716700000, 0x0000000716800000|  0%| F|  |TAMS 0x0000000716700000, 0x0000000716700000| Untracked 
| 210|0x0000000716800000, 0x0000000716800000, 0x0000000716900000|  0%| F|  |TAMS 0x0000000716800000, 0x0000000716800000| Untracked 
| 211|0x0000000716900000, 0x0000000716900000, 0x0000000716a00000|  0%| F|  |TAMS 0x0000000716900000, 0x0000000716900000| Untracked 
| 212|0x0000000716a00000, 0x0000000716a00000, 0x0000000716b00000|  0%| F|  |TAMS 0x0000000716a00000, 0x0000000716a00000| Untracked 
| 213|0x0000000716b00000, 0x0000000716b00000, 0x0000000716c00000|  0%| F|  |TAMS 0x0000000716b00000, 0x0000000716b00000| Untracked 
| 214|0x0000000716c00000, 0x0000000716c00000, 0x0000000716d00000|  0%| F|  |TAMS 0x0000000716c00000, 0x0000000716c00000| Untracked 
| 215|0x0000000716d00000, 0x0000000716d00000, 0x0000000716e00000|  0%| F|  |TAMS 0x0000000716d00000, 0x0000000716d00000| Untracked 
| 216|0x0000000716e00000, 0x0000000716e00000, 0x0000000716f00000|  0%| F|  |TAMS 0x0000000716e00000, 0x0000000716e00000| Untracked 
| 217|0x0000000716f00000, 0x0000000716f00000, 0x0000000717000000|  0%| F|  |TAMS 0x0000000716f00000, 0x0000000716f00000| Untracked 
| 218|0x0000000717000000, 0x0000000717000000, 0x0000000717100000|  0%| F|  |TAMS 0x0000000717000000, 0x0000000717000000| Untracked 
| 219|0x0000000717100000, 0x0000000717100000, 0x0000000717200000|  0%| F|  |TAMS 0x0000000717100000, 0x0000000717100000| Untracked 
| 220|0x0000000717200000, 0x0000000717200000, 0x0000000717300000|  0%| F|  |TAMS 0x0000000717200000, 0x0000000717200000| Untracked 
| 221|0x0000000717300000, 0x0000000717300000, 0x0000000717400000|  0%| F|  |TAMS 0x0000000717300000, 0x0000000717300000| Untracked 
| 222|0x0000000717400000, 0x0000000717400000, 0x0000000717500000|  0%| F|  |TAMS 0x0000000717400000, 0x0000000717400000| Untracked 
| 223|0x0000000717500000, 0x0000000717500000, 0x0000000717600000|  0%| F|  |TAMS 0x0000000717500000, 0x0000000717500000| Untracked 
| 224|0x0000000717600000, 0x0000000717600000, 0x0000000717700000|  0%| F|  |TAMS 0x0000000717600000, 0x0000000717600000| Untracked 
| 225|0x0000000717700000, 0x0000000717700000, 0x0000000717800000|  0%| F|  |TAMS 0x0000000717700000, 0x0000000717700000| Untracked 
| 226|0x0000000717800000, 0x0000000717800000, 0x0000000717900000|  0%| F|  |TAMS 0x0000000717800000, 0x0000000717800000| Untracked 
| 227|0x0000000717900000, 0x0000000717900000, 0x0000000717a00000|  0%| F|  |TAMS 0x0000000717900000, 0x0000000717900000| Untracked 
| 228|0x0000000717a00000, 0x0000000717a00000, 0x0000000717b00000|  0%| F|  |TAMS 0x0000000717a00000, 0x0000000717a00000| Untracked 
| 229|0x0000000717b00000, 0x0000000717b00000, 0x0000000717c00000|  0%| F|  |TAMS 0x0000000717b00000, 0x0000000717b00000| Untracked 
| 230|0x0000000717c00000, 0x0000000717c00000, 0x0000000717d00000|  0%| F|  |TAMS 0x0000000717c00000, 0x0000000717c00000| Untracked 
| 231|0x0000000717d00000, 0x0000000717d00000, 0x0000000717e00000|  0%| F|  |TAMS 0x0000000717d00000, 0x0000000717d00000| Untracked 
| 232|0x0000000717e00000, 0x0000000717e00000, 0x0000000717f00000|  0%| F|  |TAMS 0x0000000717e00000, 0x0000000717e00000| Untracked 
| 233|0x0000000717f00000, 0x0000000717f00000, 0x0000000718000000|  0%| F|  |TAMS 0x0000000717f00000, 0x0000000717f00000| Untracked 
| 234|0x0000000718000000, 0x0000000718000000, 0x0000000718100000|  0%| F|  |TAMS 0x0000000718000000, 0x0000000718000000| Untracked 
| 235|0x0000000718100000, 0x0000000718100000, 0x0000000718200000|  0%| F|  |TAMS 0x0000000718100000, 0x0000000718100000| Untracked 
| 236|0x0000000718200000, 0x0000000718200000, 0x0000000718300000|  0%| F|  |TAMS 0x0000000718200000, 0x0000000718200000| Untracked 
| 237|0x0000000718300000, 0x0000000718300000, 0x0000000718400000|  0%| F|  |TAMS 0x0000000718300000, 0x0000000718300000| Untracked 
| 238|0x0000000718400000, 0x0000000718400000, 0x0000000718500000|  0%| F|  |TAMS 0x0000000718400000, 0x0000000718400000| Untracked 
| 239|0x0000000718500000, 0x0000000718500000, 0x0000000718600000|  0%| F|  |TAMS 0x0000000718500000, 0x0000000718500000| Untracked 
| 240|0x0000000718600000, 0x0000000718600000, 0x0000000718700000|  0%| F|  |TAMS 0x0000000718600000, 0x0000000718600000| Untracked 
| 241|0x0000000718700000, 0x0000000718700000, 0x0000000718800000|  0%| F|  |TAMS 0x0000000718700000, 0x0000000718700000| Untracked 
| 242|0x0000000718800000, 0x0000000718800000, 0x0000000718900000|  0%| F|  |TAMS 0x0000000718800000, 0x0000000718800000| Untracked 
| 243|0x0000000718900000, 0x0000000718900000, 0x0000000718a00000|  0%| F|  |TAMS 0x0000000718900000, 0x0000000718900000| Untracked 
| 244|0x0000000718a00000, 0x0000000718a00000, 0x0000000718b00000|  0%| F|  |TAMS 0x0000000718a00000, 0x0000000718a00000| Untracked 
| 245|0x0000000718b00000, 0x0000000718b00000, 0x0000000718c00000|  0%| F|  |TAMS 0x0000000718b00000, 0x0000000718b00000| Untracked 
| 246|0x0000000718c00000, 0x0000000718c00000, 0x0000000718d00000|  0%| F|  |TAMS 0x0000000718c00000, 0x0000000718c00000| Untracked 
| 247|0x0000000718d00000, 0x0000000718d00000, 0x0000000718e00000|  0%| F|  |TAMS 0x0000000718d00000, 0x0000000718d00000| Untracked 
| 248|0x0000000718e00000, 0x0000000718e00000, 0x0000000718f00000|  0%| F|  |TAMS 0x0000000718e00000, 0x0000000718e00000| Untracked 
| 249|0x0000000718f00000, 0x0000000718f00000, 0x0000000719000000|  0%| F|  |TAMS 0x0000000718f00000, 0x0000000718f00000| Untracked 
| 250|0x0000000719000000, 0x0000000719000000, 0x0000000719100000|  0%| F|  |TAMS 0x0000000719000000, 0x0000000719000000| Untracked 
| 251|0x0000000719100000, 0x0000000719100000, 0x0000000719200000|  0%| F|  |TAMS 0x0000000719100000, 0x0000000719100000| Untracked 
| 252|0x0000000719200000, 0x0000000719200000, 0x0000000719300000|  0%| F|  |TAMS 0x0000000719200000, 0x0000000719200000| Untracked 
| 253|0x0000000719300000, 0x0000000719300000, 0x0000000719400000|  0%| F|  |TAMS 0x0000000719300000, 0x0000000719300000| Untracked 
| 254|0x0000000719400000, 0x0000000719400000, 0x0000000719500000|  0%| F|  |TAMS 0x0000000719400000, 0x0000000719400000| Untracked 
| 255|0x0000000719500000, 0x0000000719500000, 0x0000000719600000|  0%| F|  |TAMS 0x0000000719500000, 0x0000000719500000| Untracked 
| 256|0x0000000719600000, 0x0000000719600000, 0x0000000719700000|  0%| F|  |TAMS 0x0000000719600000, 0x0000000719600000| Untracked 
| 257|0x0000000719700000, 0x0000000719700000, 0x0000000719800000|  0%| F|  |TAMS 0x0000000719700000, 0x0000000719700000| Untracked 
| 258|0x0000000719800000, 0x0000000719800000, 0x0000000719900000|  0%| F|  |TAMS 0x0000000719800000, 0x0000000719800000| Untracked 
| 259|0x0000000719900000, 0x0000000719900000, 0x0000000719a00000|  0%| F|  |TAMS 0x0000000719900000, 0x0000000719900000| Untracked 
| 260|0x0000000719a00000, 0x0000000719a00000, 0x0000000719b00000|  0%| F|  |TAMS 0x0000000719a00000, 0x0000000719a00000| Untracked 
| 261|0x0000000719b00000, 0x0000000719b00000, 0x0000000719c00000|  0%| F|  |TAMS 0x0000000719b00000, 0x0000000719b00000| Untracked 
| 262|0x0000000719c00000, 0x0000000719c00000, 0x0000000719d00000|  0%| F|  |TAMS 0x0000000719c00000, 0x0000000719c00000| Untracked 
| 263|0x0000000719d00000, 0x0000000719d00000, 0x0000000719e00000|  0%| F|  |TAMS 0x0000000719d00000, 0x0000000719d00000| Untracked 
| 264|0x0000000719e00000, 0x0000000719e00000, 0x0000000719f00000|  0%| F|  |TAMS 0x0000000719e00000, 0x0000000719e00000| Untracked 
| 265|0x0000000719f00000, 0x0000000719f00000, 0x000000071a000000|  0%| F|  |TAMS 0x0000000719f00000, 0x0000000719f00000| Untracked 
| 266|0x000000071a000000, 0x000000071a000000, 0x000000071a100000|  0%| F|  |TAMS 0x000000071a000000, 0x000000071a000000| Untracked 
| 267|0x000000071a100000, 0x000000071a100000, 0x000000071a200000|  0%| F|  |TAMS 0x000000071a100000, 0x000000071a100000| Untracked 
| 268|0x000000071a200000, 0x000000071a200000, 0x000000071a300000|  0%| F|  |TAMS 0x000000071a200000, 0x000000071a200000| Untracked 
| 269|0x000000071a300000, 0x000000071a300000, 0x000000071a400000|  0%| F|  |TAMS 0x000000071a300000, 0x000000071a300000| Untracked 
| 270|0x000000071a400000, 0x000000071a500000, 0x000000071a500000|100%| E|  |TAMS 0x000000071a400000, 0x000000071a400000| Complete 
| 271|0x000000071a500000, 0x000000071a600000, 0x000000071a600000|100%| E|CS|TAMS 0x000000071a500000, 0x000000071a500000| Complete 
| 272|0x000000071a600000, 0x000000071a700000, 0x000000071a700000|100%| E|CS|TAMS 0x000000071a600000, 0x000000071a600000| Complete 
| 273|0x000000071a700000, 0x000000071a800000, 0x000000071a800000|100%| E|CS|TAMS 0x000000071a700000, 0x000000071a700000| Complete 
| 274|0x000000071a800000, 0x000000071a900000, 0x000000071a900000|100%| E|CS|TAMS 0x000000071a800000, 0x000000071a800000| Complete 
| 275|0x000000071a900000, 0x000000071aa00000, 0x000000071aa00000|100%| E|CS|TAMS 0x000000071a900000, 0x000000071a900000| Complete 
| 276|0x000000071aa00000, 0x000000071ab00000, 0x000000071ab00000|100%| E|CS|TAMS 0x000000071aa00000, 0x000000071aa00000| Complete 
| 277|0x000000071ab00000, 0x000000071ac00000, 0x000000071ac00000|100%| E|CS|TAMS 0x000000071ab00000, 0x000000071ab00000| Complete 
| 278|0x000000071ac00000, 0x000000071ad00000, 0x000000071ad00000|100%| E|CS|TAMS 0x000000071ac00000, 0x000000071ac00000| Complete 
| 279|0x000000071ad00000, 0x000000071ae00000, 0x000000071ae00000|100%| E|CS|TAMS 0x000000071ad00000, 0x000000071ad00000| Complete 
| 280|0x000000071ae00000, 0x000000071af00000, 0x000000071af00000|100%| E|CS|TAMS 0x000000071ae00000, 0x000000071ae00000| Complete 
| 281|0x000000071af00000, 0x000000071b000000, 0x000000071b000000|100%| E|CS|TAMS 0x000000071af00000, 0x000000071af00000| Complete 
| 282|0x000000071b000000, 0x000000071b100000, 0x000000071b100000|100%| E|CS|TAMS 0x000000071b000000, 0x000000071b000000| Complete 
| 283|0x000000071b100000, 0x000000071b200000, 0x000000071b200000|100%| E|CS|TAMS 0x000000071b100000, 0x000000071b100000| Complete 
| 284|0x000000071b200000, 0x000000071b300000, 0x000000071b300000|100%| E|CS|TAMS 0x000000071b200000, 0x000000071b200000| Complete 
| 285|0x000000071b300000, 0x000000071b400000, 0x000000071b400000|100%| E|CS|TAMS 0x000000071b300000, 0x000000071b300000| Complete 
| 286|0x000000071b400000, 0x000000071b500000, 0x000000071b500000|100%| E|CS|TAMS 0x000000071b400000, 0x000000071b400000| Complete 
| 287|0x000000071b500000, 0x000000071b600000, 0x000000071b600000|100%| E|CS|TAMS 0x000000071b500000, 0x000000071b500000| Complete 
| 288|0x000000071b600000, 0x000000071b700000, 0x000000071b700000|100%| E|CS|TAMS 0x000000071b600000, 0x000000071b600000| Complete 
| 289|0x000000071b700000, 0x000000071b800000, 0x000000071b800000|100%| E|CS|TAMS 0x000000071b700000, 0x000000071b700000| Complete 
| 290|0x000000071b800000, 0x000000071b900000, 0x000000071b900000|100%| E|CS|TAMS 0x000000071b800000, 0x000000071b800000| Complete 
| 291|0x000000071b900000, 0x000000071ba00000, 0x000000071ba00000|100%| E|CS|TAMS 0x000000071b900000, 0x000000071b900000| Complete 
| 292|0x000000071ba00000, 0x000000071bb00000, 0x000000071bb00000|100%| E|CS|TAMS 0x000000071ba00000, 0x000000071ba00000| Complete 
| 293|0x000000071bb00000, 0x000000071bc00000, 0x000000071bc00000|100%| E|CS|TAMS 0x000000071bb00000, 0x000000071bb00000| Complete 
| 294|0x000000071bc00000, 0x000000071bd00000, 0x000000071bd00000|100%| E|CS|TAMS 0x000000071bc00000, 0x000000071bc00000| Complete 
| 295|0x000000071bd00000, 0x000000071be00000, 0x000000071be00000|100%| E|CS|TAMS 0x000000071bd00000, 0x000000071bd00000| Complete 
| 296|0x000000071be00000, 0x000000071bf00000, 0x000000071bf00000|100%| E|CS|TAMS 0x000000071be00000, 0x000000071be00000| Complete 
| 297|0x000000071bf00000, 0x000000071c000000, 0x000000071c000000|100%| E|CS|TAMS 0x000000071bf00000, 0x000000071bf00000| Complete 
| 298|0x000000071c000000, 0x000000071c100000, 0x000000071c100000|100%| E|CS|TAMS 0x000000071c000000, 0x000000071c000000| Complete 
| 299|0x000000071c100000, 0x000000071c200000, 0x000000071c200000|100%| E|CS|TAMS 0x000000071c100000, 0x000000071c100000| Complete 
| 300|0x000000071c200000, 0x000000071c300000, 0x000000071c300000|100%| E|CS|TAMS 0x000000071c200000, 0x000000071c200000| Complete 
| 301|0x000000071c300000, 0x000000071c400000, 0x000000071c400000|100%| E|CS|TAMS 0x000000071c300000, 0x000000071c300000| Complete 
| 302|0x000000071c400000, 0x000000071c500000, 0x000000071c500000|100%| E|CS|TAMS 0x000000071c400000, 0x000000071c400000| Complete 
| 303|0x000000071c500000, 0x000000071c600000, 0x000000071c600000|100%| E|CS|TAMS 0x000000071c500000, 0x000000071c500000| Complete 
| 304|0x000000071c600000, 0x000000071c700000, 0x000000071c700000|100%| E|CS|TAMS 0x000000071c600000, 0x000000071c600000| Complete 
| 305|0x000000071c700000, 0x000000071c800000, 0x000000071c800000|100%| E|CS|TAMS 0x000000071c700000, 0x000000071c700000| Complete 
| 306|0x000000071c800000, 0x000000071c900000, 0x000000071c900000|100%| E|CS|TAMS 0x000000071c800000, 0x000000071c800000| Complete 
| 307|0x000000071c900000, 0x000000071ca00000, 0x000000071ca00000|100%| E|CS|TAMS 0x000000071c900000, 0x000000071c900000| Complete 
| 308|0x000000071ca00000, 0x000000071cb00000, 0x000000071cb00000|100%| E|CS|TAMS 0x000000071ca00000, 0x000000071ca00000| Complete 
| 309|0x000000071cb00000, 0x000000071cc00000, 0x000000071cc00000|100%| E|CS|TAMS 0x000000071cb00000, 0x000000071cb00000| Complete 
| 310|0x000000071cc00000, 0x000000071cd00000, 0x000000071cd00000|100%| E|CS|TAMS 0x000000071cc00000, 0x000000071cc00000| Complete 
| 311|0x000000071cd00000, 0x000000071ce00000, 0x000000071ce00000|100%| E|CS|TAMS 0x000000071cd00000, 0x000000071cd00000| Complete 
| 312|0x000000071ce00000, 0x000000071cf00000, 0x000000071cf00000|100%| E|CS|TAMS 0x000000071ce00000, 0x000000071ce00000| Complete 
| 313|0x000000071cf00000, 0x000000071d000000, 0x000000071d000000|100%| E|CS|TAMS 0x000000071cf00000, 0x000000071cf00000| Complete 
| 314|0x000000071d000000, 0x000000071d100000, 0x000000071d100000|100%| E|CS|TAMS 0x000000071d000000, 0x000000071d000000| Complete 
| 315|0x000000071d100000, 0x000000071d200000, 0x000000071d200000|100%| E|CS|TAMS 0x000000071d100000, 0x000000071d100000| Complete 
| 316|0x000000071d200000, 0x000000071d300000, 0x000000071d300000|100%| E|CS|TAMS 0x000000071d200000, 0x000000071d200000| Complete 
| 317|0x000000071d300000, 0x000000071d400000, 0x000000071d400000|100%| E|CS|TAMS 0x000000071d300000, 0x000000071d300000| Complete 
| 318|0x000000071d400000, 0x000000071d500000, 0x000000071d500000|100%| E|CS|TAMS 0x000000071d400000, 0x000000071d400000| Complete 
| 319|0x000000071d500000, 0x000000071d600000, 0x000000071d600000|100%| E|CS|TAMS 0x000000071d500000, 0x000000071d500000| Complete 
| 320|0x000000071d600000, 0x000000071d700000, 0x000000071d700000|100%| E|CS|TAMS 0x000000071d600000, 0x000000071d600000| Complete 
| 321|0x000000071d700000, 0x000000071d800000, 0x000000071d800000|100%| E|CS|TAMS 0x000000071d700000, 0x000000071d700000| Complete 
| 322|0x000000071d800000, 0x000000071d900000, 0x000000071d900000|100%| E|CS|TAMS 0x000000071d800000, 0x000000071d800000| Complete 
| 323|0x000000071d900000, 0x000000071da00000, 0x000000071da00000|100%| E|CS|TAMS 0x000000071d900000, 0x000000071d900000| Complete 
| 324|0x000000071da00000, 0x000000071db00000, 0x000000071db00000|100%| E|CS|TAMS 0x000000071da00000, 0x000000071da00000| Complete 
| 325|0x000000071db00000, 0x000000071dc00000, 0x000000071dc00000|100%| E|CS|TAMS 0x000000071db00000, 0x000000071db00000| Complete 
| 326|0x000000071dc00000, 0x000000071dd00000, 0x000000071dd00000|100%| E|CS|TAMS 0x000000071dc00000, 0x000000071dc00000| Complete 
| 327|0x000000071dd00000, 0x000000071de00000, 0x000000071de00000|100%| E|CS|TAMS 0x000000071dd00000, 0x000000071dd00000| Complete 
| 328|0x000000071de00000, 0x000000071df00000, 0x000000071df00000|100%| E|CS|TAMS 0x000000071de00000, 0x000000071de00000| Complete 
| 329|0x000000071df00000, 0x000000071e000000, 0x000000071e000000|100%| E|CS|TAMS 0x000000071df00000, 0x000000071df00000| Complete 
| 330|0x000000071e000000, 0x000000071e100000, 0x000000071e100000|100%| E|CS|TAMS 0x000000071e000000, 0x000000071e000000| Complete 
| 331|0x000000071e100000, 0x000000071e200000, 0x000000071e200000|100%| E|CS|TAMS 0x000000071e100000, 0x000000071e100000| Complete 
| 332|0x000000071e200000, 0x000000071e300000, 0x000000071e300000|100%| E|CS|TAMS 0x000000071e200000, 0x000000071e200000| Complete 
| 333|0x000000071e300000, 0x000000071e400000, 0x000000071e400000|100%| E|CS|TAMS 0x000000071e300000, 0x000000071e300000| Complete 
| 334|0x000000071e400000, 0x000000071e500000, 0x000000071e500000|100%| E|CS|TAMS 0x000000071e400000, 0x000000071e400000| Complete 
| 335|0x000000071e500000, 0x000000071e600000, 0x000000071e600000|100%| E|CS|TAMS 0x000000071e500000, 0x000000071e500000| Complete 
| 336|0x000000071e600000, 0x000000071e700000, 0x000000071e700000|100%| E|CS|TAMS 0x000000071e600000, 0x000000071e600000| Complete 
| 337|0x000000071e700000, 0x000000071e800000, 0x000000071e800000|100%| E|CS|TAMS 0x000000071e700000, 0x000000071e700000| Complete 
| 338|0x000000071e800000, 0x000000071e900000, 0x000000071e900000|100%| E|CS|TAMS 0x000000071e800000, 0x000000071e800000| Complete 
| 339|0x000000071e900000, 0x000000071ea00000, 0x000000071ea00000|100%| E|CS|TAMS 0x000000071e900000, 0x000000071e900000| Complete 
| 340|0x000000071ea00000, 0x000000071eb00000, 0x000000071eb00000|100%| E|CS|TAMS 0x000000071ea00000, 0x000000071ea00000| Complete 
| 341|0x000000071eb00000, 0x000000071ec00000, 0x000000071ec00000|100%| E|CS|TAMS 0x000000071eb00000, 0x000000071eb00000| Complete 
| 342|0x000000071ec00000, 0x000000071ed00000, 0x000000071ed00000|100%| E|CS|TAMS 0x000000071ec00000, 0x000000071ec00000| Complete 
| 343|0x000000071ed00000, 0x000000071ee00000, 0x000000071ee00000|100%| E|CS|TAMS 0x000000071ed00000, 0x000000071ed00000| Complete 
| 344|0x000000071ee00000, 0x000000071ef00000, 0x000000071ef00000|100%| E|CS|TAMS 0x000000071ee00000, 0x000000071ee00000| Complete 
| 345|0x000000071ef00000, 0x000000071f000000, 0x000000071f000000|100%| E|CS|TAMS 0x000000071ef00000, 0x000000071ef00000| Complete 
| 346|0x000000071f000000, 0x000000071f100000, 0x000000071f100000|100%| E|CS|TAMS 0x000000071f000000, 0x000000071f000000| Complete 
| 347|0x000000071f100000, 0x000000071f200000, 0x000000071f200000|100%| E|CS|TAMS 0x000000071f100000, 0x000000071f100000| Complete 
| 348|0x000000071f200000, 0x000000071f300000, 0x000000071f300000|100%| E|CS|TAMS 0x000000071f200000, 0x000000071f200000| Complete 
| 349|0x000000071f300000, 0x000000071f400000, 0x000000071f400000|100%| E|CS|TAMS 0x000000071f300000, 0x000000071f300000| Complete 
| 350|0x000000071f400000, 0x000000071f500000, 0x000000071f500000|100%| E|CS|TAMS 0x000000071f400000, 0x000000071f400000| Complete 
| 351|0x000000071f500000, 0x000000071f600000, 0x000000071f600000|100%| E|CS|TAMS 0x000000071f500000, 0x000000071f500000| Complete 
| 352|0x000000071f600000, 0x000000071f700000, 0x000000071f700000|100%| E|CS|TAMS 0x000000071f600000, 0x000000071f600000| Complete 
| 353|0x000000071f700000, 0x000000071f800000, 0x000000071f800000|100%| E|CS|TAMS 0x000000071f700000, 0x000000071f700000| Complete 
| 354|0x000000071f800000, 0x000000071f900000, 0x000000071f900000|100%| E|CS|TAMS 0x000000071f800000, 0x000000071f800000| Complete 
| 355|0x000000071f900000, 0x000000071fa00000, 0x000000071fa00000|100%| E|CS|TAMS 0x000000071f900000, 0x000000071f900000| Complete 
| 356|0x000000071fa00000, 0x000000071fb00000, 0x000000071fb00000|100%| E|CS|TAMS 0x000000071fa00000, 0x000000071fa00000| Complete 
| 357|0x000000071fb00000, 0x000000071fc00000, 0x000000071fc00000|100%| E|CS|TAMS 0x000000071fb00000, 0x000000071fb00000| Complete 
| 358|0x000000071fc00000, 0x000000071fd00000, 0x000000071fd00000|100%| E|CS|TAMS 0x000000071fc00000, 0x000000071fc00000| Complete 
| 359|0x000000071fd00000, 0x000000071fe00000, 0x000000071fe00000|100%| E|CS|TAMS 0x000000071fd00000, 0x000000071fd00000| Complete 
| 360|0x000000071fe00000, 0x000000071ff00000, 0x000000071ff00000|100%| E|CS|TAMS 0x000000071fe00000, 0x000000071fe00000| Complete 
| 361|0x000000071ff00000, 0x0000000720000000, 0x0000000720000000|100%| E|CS|TAMS 0x000000071ff00000, 0x000000071ff00000| Complete 
| 362|0x0000000720000000, 0x0000000720100000, 0x0000000720100000|100%| E|CS|TAMS 0x0000000720000000, 0x0000000720000000| Complete 
| 363|0x0000000720100000, 0x0000000720200000, 0x0000000720200000|100%| E|CS|TAMS 0x0000000720100000, 0x0000000720100000| Complete 
| 364|0x0000000720200000, 0x0000000720300000, 0x0000000720300000|100%| E|CS|TAMS 0x0000000720200000, 0x0000000720200000| Complete 
| 365|0x0000000720300000, 0x0000000720400000, 0x0000000720400000|100%| E|CS|TAMS 0x0000000720300000, 0x0000000720300000| Complete 
| 366|0x0000000720400000, 0x0000000720500000, 0x0000000720500000|100%| E|CS|TAMS 0x0000000720400000, 0x0000000720400000| Complete 
| 367|0x0000000720500000, 0x0000000720600000, 0x0000000720600000|100%| E|CS|TAMS 0x0000000720500000, 0x0000000720500000| Complete 
| 368|0x0000000720600000, 0x0000000720700000, 0x0000000720700000|100%| E|CS|TAMS 0x0000000720600000, 0x0000000720600000| Complete 
| 369|0x0000000720700000, 0x0000000720800000, 0x0000000720800000|100%| E|CS|TAMS 0x0000000720700000, 0x0000000720700000| Complete 
| 370|0x0000000720800000, 0x0000000720900000, 0x0000000720900000|100%| E|CS|TAMS 0x0000000720800000, 0x0000000720800000| Complete 
| 371|0x0000000720900000, 0x0000000720a00000, 0x0000000720a00000|100%| E|CS|TAMS 0x0000000720900000, 0x0000000720900000| Complete 

Card table byte_map: [0x0000016755d90000,0x0000016756550000] _byte_map_base: 0x0000016752545000

Marking Bits (Prev, Next): (CMBitMap*) 0x000001673d25adb0, (CMBitMap*) 0x000001673d25ad78
 Prev Bits: [0x000001675aac0000, 0x000001675e868000)
 Next Bits: [0x0000016756d10000, 0x000001675aab8000)

Polling page: 0x0000016745920000

Metaspace:

Usage:
  Non-class:     76.22 MB capacity,    74.91 MB ( 98%) used,     1.02 MB (  1%) free+waste,   296.44 KB ( <1%) overhead. 
      Class:     11.94 MB capacity,    11.02 MB ( 92%) used,   803.36 KB (  7%) free+waste,   140.75 KB (  1%) overhead. 
       Both:     88.16 MB capacity,    85.94 MB ( 97%) used,     1.80 MB (  2%) free+waste,   437.19 KB ( <1%) overhead. 

Virtual space:
  Non-class space:       78.00 MB reserved,      76.45 MB ( 98%) committed 
      Class space:        1.00 GB reserved,      12.00 MB (  1%) committed 
             Both:        1.08 GB reserved,      88.45 MB (  8%) committed 

Chunk freelists:
   Non-Class:  44.00 KB
       Class:  0 bytes
        Both:  44.00 KB

MaxMetaspaceSize: 17179869184.00 GB
CompressedClassSpaceSize: 1.00 GB
Initial GC threshold: 20.80 MB
Current GC threshold: 98.46 MB
CDS: off

CodeHeap 'non-profiled nmethods': size=120000Kb used=6528Kb max_used=6528Kb free=113471Kb
 bounds [0x000001674d410000, 0x000001674da80000, 0x0000016754940000]
CodeHeap 'profiled nmethods': size=120000Kb used=19377Kb max_used=19377Kb free=100622Kb
 bounds [0x0000016745ee0000, 0x00000167471d0000, 0x000001674d410000]
CodeHeap 'non-nmethods': size=5760Kb used=1339Kb max_used=1407Kb free=4420Kb
 bounds [0x0000016745940000, 0x0000016745bb0000, 0x0000016745ee0000]
 total_blobs=9231 nmethods=8599 adapters=543
 compilation: enabled
              stopped_count=0, restarted_count=0
 full_count=0

Compilation events (20 events):
Event: 12.796 Thread 0x0000016761f0c000 8699       2       sun.reflect.generics.repository.GenericDeclRepository::computeTypeParameters (65 bytes)
Event: 12.796 Thread 0x0000016761f0c000 nmethod 8699 0x00000167471c6910 code [0x00000167471c6b00, 0x00000167471c7118]
Event: 12.797 Thread 0x0000016761f0c000 8700       2       org.springframework.boot.autoconfigure.condition.ConditionEvaluationReport$$Lambda$1602/0x0000000800bf0440::accept (20 bytes)
Event: 12.798 Thread 0x0000016761f0c000 nmethod 8700 0x00000167471c7410 code [0x00000167471c75c0, 0x00000167471c7768]
Event: 12.798 Thread 0x0000016761f0c000 8701       2       org.springframework.boot.autoconfigure.condition.ConditionEvaluationReport::lambda$addNoMatchOutcomeToAncestors$1 (54 bytes)
Event: 12.798 Thread 0x0000016761f0c000 nmethod 8701 0x00000167471c7890 code [0x00000167471c7b00, 0x00000167471c82f8]
Event: 12.799 Thread 0x0000016761f0c000 8703 %     3       java.util.TreeMap::successor @ 42 (66 bytes)
Event: 12.799 Thread 0x0000016761f0c000 nmethod 8703% 0x00000167471c8690 code [0x00000167471c8860, 0x00000167471c8bf8]
Event: 12.799 Thread 0x0000016761f0c000 8704       3       java.util.TreeMap::successor (66 bytes)
Event: 12.800 Thread 0x0000016761f0c000 nmethod 8704 0x00000167471c8d90 code [0x00000167471c8f60, 0x00000167471c9298]
Event: 12.800 Thread 0x0000016761f0c000 8705       1       org.springframework.boot.autoconfigure.condition.ConditionEvaluationReport$ConditionAndOutcome::getOutcome (5 bytes)
Event: 12.800 Thread 0x0000016761f0c000 nmethod 8705 0x000001674da6fa10 code [0x000001674da6fbc0, 0x000001674da6fc78]
Event: 12.800 Thread 0x0000016761f0c000 8706       2       java.util.TreeMap::forEach (58 bytes)
Event: 12.801 Thread 0x0000016761f0c000 nmethod 8706 0x00000167471c9410 code [0x00000167471c9600, 0x00000167471c99f8]
Event: 12.802 Thread 0x0000016761f0c000 8708       2       org.springframework.boot.autoconfigure.condition.ConditionEvaluationReport$$Lambda$1601/0x0000000800bf0040::accept (16 bytes)
Event: 12.802 Thread 0x0000016761f0c000 nmethod 8708 0x00000167471c9c90 code [0x00000167471c9e60, 0x00000167471ca038]
Event: 12.802 Thread 0x0000016761f0c000 8709       2       org.springframework.boot.autoconfigure.condition.ConditionEvaluationReport::lambda$getConditionAndOutcomesBySource$0 (13 bytes)
Event: 12.802 Thread 0x0000016761f0c000 nmethod 8709 0x00000167471ca190 code [0x00000167471ca360, 0x00000167471ca4b8]
Event: 12.802 Thread 0x0000016761f0c000 8710 %     3       java.util.TreeMap::forEach @ 15 (58 bytes)
Event: 12.802 Thread 0x0000016761f0c000 nmethod 8710% 0x00000167471ca590 code [0x00000167471ca7c0, 0x00000167471caef8]

GC Heap History (20 events):
Event: 0.953 GC heap before
{Heap before GC invocations=2 (full 0):
 garbage-first heap   total 253952K, used 42223K [0x0000000709600000, 0x0000000800000000)
  region size 1024K, 43 young (44032K), 7 survivors (7168K)
 Metaspace       used 20619K, capacity 21128K, committed 21248K, reserved 1069056K
  class space    used 2291K, capacity 2486K, committed 2560K, reserved 1048576K
}
Event: 0.957 GC heap after
{Heap after GC invocations=3 (full 0):
 garbage-first heap   total 253952K, used 7857K [0x0000000709600000, 0x0000000800000000)
  region size 1024K, 7 young (7168K), 7 survivors (7168K)
 Metaspace       used 20619K, capacity 21128K, committed 21248K, reserved 1069056K
  class space    used 2291K, capacity 2486K, committed 2560K, reserved 1048576K
}
Event: 1.310 GC heap before
{Heap before GC invocations=4 (full 0):
 garbage-first heap   total 253952K, used 151217K [0x0000000709600000, 0x0000000800000000)
  region size 1024K, 148 young (151552K), 7 survivors (7168K)
 Metaspace       used 28261K, capacity 29006K, committed 29184K, reserved 1075200K
  class space    used 3297K, capacity 3534K, committed 3584K, reserved 1048576K
}
Event: 1.317 GC heap after
{Heap after GC invocations=5 (full 0):
 garbage-first heap   total 253952K, used 10097K [0x0000000709600000, 0x0000000800000000)
  region size 1024K, 9 young (9216K), 9 survivors (9216K)
 Metaspace       used 28261K, capacity 29006K, committed 29184K, reserved 1075200K
  class space    used 3297K, capacity 3534K, committed 3584K, reserved 1048576K
}
Event: 1.547 GC heap before
{Heap before GC invocations=5 (full 0):
 garbage-first heap   total 253952K, used 152433K [0x0000000709600000, 0x0000000800000000)
  region size 1024K, 148 young (151552K), 9 survivors (9216K)
 Metaspace       used 33790K, capacity 34576K, committed 34688K, reserved 1079296K
  class space    used 3876K, capacity 4155K, committed 4224K, reserved 1048576K
}
Event: 1.553 GC heap after
{Heap after GC invocations=6 (full 0):
 garbage-first heap   total 305152K, used 12147K [0x0000000709600000, 0x0000000800000000)
  region size 1024K, 11 young (11264K), 11 survivors (11264K)
 Metaspace       used 33790K, capacity 34576K, committed 34688K, reserved 1079296K
  class space    used 3876K, capacity 4155K, committed 4224K, reserved 1048576K
}
Event: 1.615 GC heap before
{Heap before GC invocations=6 (full 0):
 garbage-first heap   total 305152K, used 45939K [0x0000000709600000, 0x0000000800000000)
  region size 1024K, 45 young (46080K), 11 survivors (11264K)
 Metaspace       used 35066K, capacity 35813K, committed 35840K, reserved 1081344K
  class space    used 4046K, capacity 4328K, committed 4352K, reserved 1048576K
}
Event: 1.623 GC heap after
{Heap after GC invocations=7 (full 0):
 garbage-first heap   total 305152K, used 12434K [0x0000000709600000, 0x0000000800000000)
  region size 1024K, 12 young (12288K), 12 survivors (12288K)
 Metaspace       used 35066K, capacity 35813K, committed 35840K, reserved 1081344K
  class space    used 4046K, capacity 4328K, committed 4352K, reserved 1048576K
}
Event: 2.157 GC heap before
{Heap before GC invocations=8 (full 0):
 garbage-first heap   total 305152K, used 172178K [0x0000000709600000, 0x0000000800000000)
  region size 1024K, 168 young (172032K), 12 survivors (12288K)
 Metaspace       used 41796K, capacity 42739K, committed 42880K, reserved 1087488K
  class space    used 5038K, capacity 5399K, committed 5504K, reserved 1048576K
}
Event: 2.165 GC heap after
{Heap after GC invocations=9 (full 0):
 garbage-first heap   total 305152K, used 14792K [0x0000000709600000, 0x0000000800000000)
  region size 1024K, 14 young (14336K), 14 survivors (14336K)
 Metaspace       used 41796K, capacity 42739K, committed 42880K, reserved 1087488K
  class space    used 5038K, capacity 5399K, committed 5504K, reserved 1048576K
}
Event: 3.296 GC heap before
{Heap before GC invocations=9 (full 0):
 garbage-first heap   total 305152K, used 182728K [0x0000000709600000, 0x0000000800000000)
  region size 1024K, 178 young (182272K), 14 survivors (14336K)
 Metaspace       used 52861K, capacity 54154K, committed 54272K, reserved 1097728K
  class space    used 6383K, capacity 6872K, committed 6912K, reserved 1048576K
}
Event: 3.309 GC heap after
{Heap after GC invocations=10 (full 0):
 garbage-first heap   total 305152K, used 20292K [0x0000000709600000, 0x0000000800000000)
  region size 1024K, 16 young (16384K), 16 survivors (16384K)
 Metaspace       used 52861K, capacity 54154K, committed 54272K, reserved 1097728K
  class space    used 6383K, capacity 6872K, committed 6912K, reserved 1048576K
}
Event: 3.764 GC heap before
{Heap before GC invocations=10 (full 0):
 garbage-first heap   total 305152K, used 137028K [0x0000000709600000, 0x0000000800000000)
  region size 1024K, 131 young (134144K), 16 survivors (16384K)
 Metaspace       used 58770K, capacity 60099K, committed 60160K, reserved 1101824K
  class space    used 7413K, capacity 7935K, committed 7936K, reserved 1048576K
}
Event: 3.779 GC heap after
{Heap after GC invocations=11 (full 0):
 garbage-first heap   total 380928K, used 22013K [0x0000000709600000, 0x0000000800000000)
  region size 1024K, 13 young (13312K), 13 survivors (13312K)
 Metaspace       used 58770K, capacity 60099K, committed 60160K, reserved 1101824K
  class space    used 7413K, capacity 7935K, committed 7936K, reserved 1048576K
}
Event: 4.617 GC heap before
{Heap before GC invocations=12 (full 0):
 garbage-first heap   total 380928K, used 222717K [0x0000000709600000, 0x0000000800000000)
  region size 1024K, 209 young (214016K), 13 survivors (13312K)
 Metaspace       used 69402K, capacity 70988K, committed 71244K, reserved 1112064K
  class space    used 8938K, capacity 9575K, committed 9600K, reserved 1048576K
}
Event: 4.624 GC heap after
{Heap after GC invocations=13 (full 0):
 garbage-first heap   total 380928K, used 24249K [0x0000000709600000, 0x0000000800000000)
  region size 1024K, 15 young (15360K), 15 survivors (15360K)
 Metaspace       used 69402K, capacity 70988K, committed 71244K, reserved 1112064K
  class space    used 8938K, capacity 9575K, committed 9600K, reserved 1048576K
}
Event: 11.245 GC heap before
{Heap before GC invocations=13 (full 0):
 garbage-first heap   total 380928K, used 237241K [0x0000000709600000, 0x0000000800000000)
  region size 1024K, 223 young (228352K), 15 survivors (15360K)
 Metaspace       used 74591K, capacity 76296K, committed 76492K, reserved 1116160K
  class space    used 9532K, capacity 10220K, committed 10240K, reserved 1048576K
}
Event: 11.254 GC heap after
{Heap after GC invocations=14 (full 0):
 garbage-first heap   total 380928K, used 30441K [0x0000000709600000, 0x0000000800000000)
  region size 1024K, 20 young (20480K), 20 survivors (20480K)
 Metaspace       used 74591K, capacity 76296K, committed 76492K, reserved 1116160K
  class space    used 9532K, capacity 10220K, committed 10240K, reserved 1048576K
}
Event: 12.278 GC heap before
{Heap before GC invocations=14 (full 0):
 garbage-first heap   total 380928K, used 238313K [0x0000000709600000, 0x0000000800000000)
  region size 1024K, 223 young (228352K), 20 survivors (20480K)
 Metaspace       used 83532K, capacity 85556K, committed 85708K, reserved 1124352K
  class space    used 10669K, capacity 11466K, committed 11520K, reserved 1048576K
}
Event: 12.287 GC heap after
{Heap after GC invocations=15 (full 0):
 garbage-first heap   total 380928K, used 34119K [0x0000000709600000, 0x0000000800000000)
  region size 1024K, 15 young (15360K), 15 survivors (15360K)
 Metaspace       used 83532K, capacity 85556K, committed 85708K, reserved 1124352K
  class space    used 10669K, capacity 11466K, committed 11520K, reserved 1048576K
}

Deoptimization events (20 events):
Event: 12.708 Thread 0x000001673d1f8000 DEOPT PACKING pc=0x000001674da5f470 sp=0x0000000a2abfd870
Event: 12.708 Thread 0x000001673d1f8000 DEOPT UNPACKING pc=0x000001674598a1af sp=0x0000000a2abfd888 mode 2
Event: 12.714 Thread 0x000001673d1f8000 DEOPT PACKING pc=0x0000016746ae9b5e sp=0x0000000a2abfb390
Event: 12.714 Thread 0x000001673d1f8000 DEOPT UNPACKING pc=0x000001674598a95e sp=0x0000000a2abfa950 mode 0
Event: 12.743 Thread 0x000001673d1f8000 Uncommon trap: trap_request=0xffffff4d fr.pc=0x000001674d5b738c relative=0x000000000000006c
Event: 12.743 Thread 0x000001673d1f8000 Uncommon trap: reason=unstable_if action=reinterpret pc=0x000001674d5b738c method=java.lang.Integer.equals(Ljava/lang/Object;)Z @ 18 c2
Event: 12.743 Thread 0x000001673d1f8000 DEOPT PACKING pc=0x000001674d5b738c sp=0x0000000a2abfdaf0
Event: 12.743 Thread 0x000001673d1f8000 DEOPT UNPACKING pc=0x000001674598a1af sp=0x0000000a2abfda88 mode 2
Event: 12.748 Thread 0x000001673d1f8000 Uncommon trap: trap_request=0xffffffbe fr.pc=0x000001674da04cc8 relative=0x0000000000000a48
Event: 12.748 Thread 0x000001673d1f8000 Uncommon trap: reason=profile_predicate action=maybe_recompile pc=0x000001674da04cc8 method=org.springframework.core.annotation.AnnotationsScanner.processClassInheritedAnnotations(Ljava/lang/Object;Ljava/lang/Class;Lorg/springframework/core/annotation/Mer
Event: 12.748 Thread 0x000001673d1f8000 DEOPT PACKING pc=0x000001674da04cc8 sp=0x0000000a2abfe230
Event: 12.748 Thread 0x000001673d1f8000 DEOPT UNPACKING pc=0x000001674598a1af sp=0x0000000a2abfdfe8 mode 2
Event: 12.748 Thread 0x000001673d1f8000 Uncommon trap: trap_request=0xffffff4d fr.pc=0x000001674da04c3c relative=0x00000000000009bc
Event: 12.748 Thread 0x000001673d1f8000 Uncommon trap: reason=unstable_if action=reinterpret pc=0x000001674da04c3c method=org.springframework.core.annotation.AnnotationsScanner.processClassInheritedAnnotations(Ljava/lang/Object;Ljava/lang/Class;Lorg/springframework/core/annotation/MergedAnnotat
Event: 12.748 Thread 0x000001673d1f8000 DEOPT PACKING pc=0x000001674da04c3c sp=0x0000000a2abfe230
Event: 12.748 Thread 0x000001673d1f8000 DEOPT UNPACKING pc=0x000001674598a1af sp=0x0000000a2abfdff0 mode 2
Event: 12.748 Thread 0x000001673d1f8000 Uncommon trap: trap_request=0xffffff4d fr.pc=0x000001674da06ae8 relative=0x0000000000000888
Event: 12.748 Thread 0x000001673d1f8000 Uncommon trap: reason=unstable_if action=reinterpret pc=0x000001674da06ae8 method=org.springframework.core.annotation.AnnotationsScanner.processClassInheritedAnnotations(Ljava/lang/Object;Ljava/lang/Class;Lorg/springframework/core/annotation/MergedAnnotat
Event: 12.748 Thread 0x000001673d1f8000 DEOPT PACKING pc=0x000001674da06ae8 sp=0x0000000a2abfe140
Event: 12.748 Thread 0x000001673d1f8000 DEOPT UNPACKING pc=0x000001674598a1af sp=0x0000000a2abfdff8 mode 2

Classes redefined (0 events):
No events

Internal exceptions (20 events):
Event: 12.252 Thread 0x000001673d1f8000 Exception <a 'java/lang/ClassNotFoundException'{0x00000007145eeb88}: org/springframework/web/servlet/config/annotation/WebMvcConfigurationSupportCustomizer> (0x00000007145eeb88) thrown at [./src/hotspot/share/classfile/systemDictionary.cpp, line 231]
Event: 12.253 Thread 0x000001673d1f8000 Exception <a 'java/lang/ClassNotFoundException'{0x000000071444a360}: org/springframework/web/servlet/config/annotation/DelegatingWebMvcConfigurationCustomizer> (0x000000071444a360) thrown at [./src/hotspot/share/classfile/systemDictionary.cpp, line 231]
Event: 12.254 Thread 0x000001673d1f8000 Exception <a 'java/lang/ClassNotFoundException'{0x00000007144a09b0}: org/springframework/boot/autoconfigure/web/servlet/WebMvcAutoConfiguration$EnableWebMvcConfigurationCustomizer> (0x00000007144a09b0) thrown at [./src/hotspot/share/classfile/systemDictionary.cpp, line 231]
Event: 12.255 Thread 0x000001673d1f8000 Exception <a 'java/lang/ClassNotFoundException'{0x00000007144f1848}: org/springframework/context/ResourceLoaderAwareCustomizer> (0x00000007144f1848) thrown at [./src/hotspot/share/classfile/systemDictionary.cpp, line 231]
Event: 12.255 Thread 0x000001673d1f8000 Exception <a 'java/lang/ClassNotFoundException'{0x0000000714333358}: org/springframework/beans/factory/AwareCustomizer> (0x0000000714333358) thrown at [./src/hotspot/share/classfile/systemDictionary.cpp, line 231]
Event: 12.255 Thread 0x000001673d1f8000 Exception <a 'java/lang/ClassNotFoundException'{0x00000007143771f8}: org/springframework/context/ApplicationContextAwareCustomizer> (0x00000007143771f8) thrown at [./src/hotspot/share/classfile/systemDictionary.cpp, line 231]
Event: 12.256 Thread 0x000001673d1f8000 Exception <a 'java/lang/ClassNotFoundException'{0x00000007143b9418}: org/springframework/beans/factory/AwareCustomizer> (0x00000007143b9418) thrown at [./src/hotspot/share/classfile/systemDictionary.cpp, line 231]
Event: 12.256 Thread 0x000001673d1f8000 Exception <a 'java/lang/ClassNotFoundException'{0x00000007143fd290}: org/springframework/web/context/ServletContextAwareCustomizer> (0x00000007143fd290) thrown at [./src/hotspot/share/classfile/systemDictionary.cpp, line 231]
Event: 12.257 Thread 0x000001673d1f8000 Exception <a 'java/lang/ClassNotFoundException'{0x000000071423f2f0}: org/springframework/beans/factory/AwareCustomizer> (0x000000071423f2f0) thrown at [./src/hotspot/share/classfile/systemDictionary.cpp, line 231]
Event: 12.332 Thread 0x000001673d1f8000 Exception <a 'java/lang/NoSuchMethodError'{0x000000072006c150}: 'void java.lang.invoke.DirectMethodHandle$Holder.invokeVirtual(java.lang.Object, java.lang.Object, int)'> (0x000000072006c150) thrown at [./src/hotspot/share/interpreter/linkResolver.cpp, line 773]
Event: 12.334 Thread 0x000001673d1f8000 Exception <a 'java/lang/NoSuchMethodError'{0x0000000720086158}: 'void java.lang.invoke.DirectMethodHandle$Holder.invokeVirtual(java.lang.Object, java.lang.Object, long)'> (0x0000000720086158) thrown at [./src/hotspot/share/interpreter/linkResolver.cpp, line 773]
Event: 12.483 Thread 0x000001673d1f8000 Exception <a 'java/lang/NoSuchMethodError'{0x000000071e706310}: 'void java.lang.invoke.DirectMethodHandle$Holder.invokeSpecial(java.lang.Object, java.lang.Object, java.lang.Object, java.lang.Object, java.lang.Object, java.lang.Object, java.lang.Object, java.lang.Object)'> (0x000000071e706310) thrown at [./src/hotspot/share/interpreter/linkResolver.cpp, line 773]
Event: 12.491 Thread 0x000001673d1f8000 Exception <a 'java/lang/NoSuchMethodError'{0x000000071e6297f0}: 'void java.lang.invoke.DirectMethodHandle$Holder.invokeStatic(java.lang.Object, java.lang.Object, java.lang.Object, java.lang.Object, java.lang.Object, java.lang.Object, java.lang.Object)'> (0x000000071e6297f0) thrown at [./src/hotspot/share/interpreter/linkResolver.cpp, line 773]
Event: 12.538 Thread 0x000001673d1f8000 Exception <a 'java/lang/IncompatibleClassChangeError'{0x000000071de8bf58}: Found class java.lang.Object, but interface was expected> (0x000000071de8bf58) thrown at [./src/hotspot/share/interpreter/linkResolver.cpp, line 839]
Event: 12.551 Thread 0x000001673d1f8000 Exception <a 'java/lang/IncompatibleClassChangeError'{0x000000071dcd0498}: Found class java.lang.Object, but interface was expected> (0x000000071dcd0498) thrown at [./src/hotspot/share/interpreter/linkResolver.cpp, line 839]
Event: 12.578 Thread 0x000001673d1f8000 Exception <a 'java/lang/NoSuchMethodError'{0x000000071d75c7e8}: 'int java.lang.invoke.DirectMethodHandle$Holder.invokeStaticInit(java.lang.Object, java.lang.Object, java.lang.Object, java.lang.Object)'> (0x000000071d75c7e8) thrown at [./src/hotspot/share/interpreter/linkResolver.cpp, line 773]
Event: 12.767 Thread 0x000001673d1f8000 Exception <a 'java/lang/NoSuchMethodError'{0x000000071ad09af8}: 'java.lang.Object java.lang.invoke.DirectMethodHandle$Holder.invokeSpecial(java.lang.Object, java.lang.Object, int, java.lang.Object, int, java.lang.Object)'> (0x000000071ad09af8) thrown at [./src/hotspot/share/interpreter/linkResolver.cpp, line 773]
Event: 12.767 Thread 0x000001673d1f8000 Exception <a 'java/lang/NoSuchMethodError'{0x000000071ad11288}: 'java.lang.Object java.lang.invoke.DirectMethodHandle$Holder.invokeStatic(java.lang.Object, java.lang.Object, int, java.lang.Object, int)'> (0x000000071ad11288) thrown at [./src/hotspot/share/interpreter/linkResolver.cpp, line 773]
Event: 12.768 Thread 0x000001673d1f8000 Exception <a 'java/lang/NoSuchMethodError'{0x000000071ad14a68}: 'java.lang.Object java.lang.invoke.DirectMethodHandle$Holder.invokeSpecial(java.lang.Object, java.lang.Object, java.lang.Object, int, java.lang.Object, int)'> (0x000000071ad14a68) thrown at [./src/hotspot/share/interpreter/linkResolver.cpp, line 773]
Event: 12.769 Thread 0x000001673d1f8000 Exception <a 'java/lang/NoSuchMethodError'{0x000000071ad35630}: 'void java.lang.invoke.DirectMethodHandle$Holder.invokeVirtual(java.lang.Object, java.lang.Object)'> (0x000000071ad35630) thrown at [./src/hotspot/share/interpreter/linkResolver.cpp, line 773]

Events (20 events):
Event: 12.809 loading class javax/enterprise/concurrent$ManagedScheduledExecutorService done
Event: 12.809 loading class org/springframework/scheduling/support/TaskUtils
Event: 12.809 loading class org/springframework/scheduling/support/TaskUtils done
Event: 12.810 loading class org/springframework/scheduling/support/TaskUtils$LoggingErrorHandler
Event: 12.810 loading class org/springframework/scheduling/support/TaskUtils$LoggingErrorHandler done
Event: 12.810 loading class org/springframework/scheduling/support/TaskUtils$PropagatingErrorHandler
Event: 12.810 loading class org/springframework/scheduling/support/TaskUtils$PropagatingErrorHandler done
Event: 12.810 loading class org/springframework/scheduling/support/DelegatingErrorHandlingRunnable
Event: 12.810 loading class org/springframework/scheduling/support/DelegatingErrorHandlingRunnable done
Event: 12.811 Thread 0x0000016770e65800 Thread added: 0x0000016770e65800
Event: 12.811 loading class org/hyperic/sigar/NetStat
Event: 12.811 loading class org/hyperic/sigar/NetStat done
Event: 12.811 Executing VM operation: RevokeBias
Event: 12.812 Executing VM operation: RevokeBias done
Event: 12.812 Executing VM operation: RevokeBias
Event: 12.812 Executing VM operation: RevokeBias done
Event: 12.812 Executing VM operation: RevokeBias
Event: 12.812 Executing VM operation: RevokeBias done
Event: 12.812 loading class org/springframework/context/support/LiveBeansView
Event: 12.812 loading class org/springframework/context/support/LiveBeansView done


Dynamic libraries:
0x00007ff7464b0000 - 0x00007ff7464bd000 	C:\Program Files\Eclipse Foundation\jdk-11.0.12.7-hotspot\bin\java.exe
0x00007ffd540d0000 - 0x00007ffd542c8000 	C:\Windows\SYSTEM32\ntdll.dll
0x00007ffd53e00000 - 0x00007ffd53ebd000 	C:\Windows\System32\KERNEL32.DLL
0x00007ffd51bc0000 - 0x00007ffd51e8e000 	C:\Windows\System32\KERNELBASE.dll
0x00007ffd51840000 - 0x00007ffd51940000 	C:\Windows\System32\ucrtbase.dll
0x00007ffd33a10000 - 0x00007ffd33a25000 	C:\Program Files\Eclipse Foundation\jdk-11.0.12.7-hotspot\bin\VCRUNTIME140.dll
0x00007ffd3aa00000 - 0x00007ffd3aa17000 	C:\Program Files\Eclipse Foundation\jdk-11.0.12.7-hotspot\bin\jli.dll
0x00007ffd527e0000 - 0x00007ffd52980000 	C:\Windows\System32\USER32.dll
0x00007ffd3e760000 - 0x00007ffd3e9fa000 	C:\Windows\WinSxS\amd64_microsoft.windows.common-controls_6595b64144ccf1df_6.0.19041.1110_none_60b5254171f9507e\COMCTL32.dll
0x00007ffd52070000 - 0x00007ffd52092000 	C:\Windows\System32\win32u.dll
0x00007ffd52ce0000 - 0x00007ffd52d0a000 	C:\Windows\System32\GDI32.dll
0x00007ffd53ec0000 - 0x00007ffd53f5e000 	C:\Windows\System32\msvcrt.dll
0x00007ffd51e90000 - 0x00007ffd51f9b000 	C:\Windows\System32\gdi32full.dll
0x00007ffd51fa0000 - 0x00007ffd5203d000 	C:\Windows\System32\msvcp_win.dll
0x00007ffd53040000 - 0x00007ffd53070000 	C:\Windows\System32\IMM32.DLL
0x00007ffd13420000 - 0x00007ffd134bb000 	C:\Program Files\Eclipse Foundation\jdk-11.0.12.7-hotspot\bin\msvcp140.dll
0x00007ffc73640000 - 0x00007ffc74199000 	C:\Program Files\Eclipse Foundation\jdk-11.0.12.7-hotspot\bin\server\jvm.dll
0x00007ffd522f0000 - 0x00007ffd5239e000 	C:\Windows\System32\ADVAPI32.dll
0x00007ffd521f0000 - 0x00007ffd5228c000 	C:\Windows\System32\sechost.dll
0x00007ffd52e40000 - 0x00007ffd52f65000 	C:\Windows\System32\RPCRT4.dll
0x00007ffd52770000 - 0x00007ffd52778000 	C:\Windows\System32\PSAPI.DLL
0x00007ffd35610000 - 0x00007ffd35619000 	C:\Windows\SYSTEM32\WSOCK32.dll
0x00007ffd45e20000 - 0x00007ffd45e47000 	C:\Windows\SYSTEM32\WINMM.dll
0x00007ffd48d30000 - 0x00007ffd48d3a000 	C:\Windows\SYSTEM32\VERSION.dll
0x00007ffd52dd0000 - 0x00007ffd52e3b000 	C:\Windows\System32\WS2_32.dll
0x00007ffd50080000 - 0x00007ffd50092000 	C:\Windows\SYSTEM32\kernel.appcore.dll
0x00007ffd3f8f0000 - 0x00007ffd3f900000 	C:\Program Files\Eclipse Foundation\jdk-11.0.12.7-hotspot\bin\verify.dll
0x00007ffd4f4b0000 - 0x00007ffd4f694000 	C:\Windows\SYSTEM32\DBGHELP.DLL
0x00007ffd407f0000 - 0x00007ffd4081c000 	C:\Windows\SYSTEM32\dbgcore.DLL
0x00007ffd520a0000 - 0x00007ffd52122000 	C:\Windows\System32\bcryptPrimitives.dll
0x00007ffd33910000 - 0x00007ffd33938000 	C:\Program Files\Eclipse Foundation\jdk-11.0.12.7-hotspot\bin\java.dll
0x00007ffd3bff0000 - 0x00007ffd3bffa000 	C:\Program Files\Eclipse Foundation\jdk-11.0.12.7-hotspot\bin\jimage.dll
0x00007ffd32820000 - 0x00007ffd32837000 	C:\Program Files\Eclipse Foundation\jdk-11.0.12.7-hotspot\bin\zip.dll
0x00007ffd53190000 - 0x00007ffd538d4000 	C:\Windows\System32\SHELL32.dll
0x00007ffd4f8d0000 - 0x00007ffd50064000 	C:\Windows\SYSTEM32\windows.storage.dll
0x00007ffd52980000 - 0x00007ffd52cd4000 	C:\Windows\System32\combase.dll
0x00007ffd511e0000 - 0x00007ffd51210000 	C:\Windows\SYSTEM32\Wldp.dll
0x00007ffd52630000 - 0x00007ffd526dd000 	C:\Windows\System32\SHCORE.dll
0x00007ffd52290000 - 0x00007ffd522e5000 	C:\Windows\System32\shlwapi.dll
0x00007ffd51730000 - 0x00007ffd5174f000 	C:\Windows\SYSTEM32\profapi.dll
0x00007ffd320f0000 - 0x00007ffd32109000 	C:\Program Files\Eclipse Foundation\jdk-11.0.12.7-hotspot\bin\net.dll
0x00007ffd4bd40000 - 0x00007ffd4be4a000 	C:\Windows\SYSTEM32\WINHTTP.dll
0x00007ffd50f40000 - 0x00007ffd50faa000 	C:\Windows\system32\mswsock.dll
0x00007ffd31ed0000 - 0x00007ffd31ee2000 	C:\Program Files\Eclipse Foundation\jdk-11.0.12.7-hotspot\bin\nio.dll
0x00007ffd3ab90000 - 0x00007ffd3ab99000 	C:\Program Files\Eclipse Foundation\jdk-11.0.12.7-hotspot\bin\management.dll
0x00007ffd3ab80000 - 0x00007ffd3ab8b000 	C:\Program Files\Eclipse Foundation\jdk-11.0.12.7-hotspot\bin\management_ext.dll
0x00007ffd32a20000 - 0x00007ffd32a37000 	C:\Windows\system32\napinsp.dll
0x00007ffd32800000 - 0x00007ffd3281b000 	C:\Windows\system32\pnrpnsp.dll
0x00007ffd4c030000 - 0x00007ffd4c045000 	C:\Windows\system32\wshbth.dll
0x00007ffd4cd20000 - 0x00007ffd4cd3d000 	C:\Windows\system32\NLAapi.dll
0x00007ffd50c30000 - 0x00007ffd50c6b000 	C:\Windows\SYSTEM32\IPHLPAPI.DLL
0x00007ffd50c70000 - 0x00007ffd50d3a000 	C:\Windows\SYSTEM32\DNSAPI.dll
0x00007ffd521e0000 - 0x00007ffd521e8000 	C:\Windows\System32\NSI.dll
0x00007ffd32630000 - 0x00007ffd32642000 	C:\Windows\System32\winrnr.dll
0x00007ffd49b20000 - 0x00007ffd49b2a000 	C:\Windows\System32\rasadhlp.dll
0x00007ffd49350000 - 0x00007ffd493d0000 	C:\Windows\System32\fwpuclnt.dll
0x00007ffd52040000 - 0x00007ffd52067000 	C:\Windows\System32\bcrypt.dll
0x00007ffd51130000 - 0x00007ffd51148000 	C:\Windows\SYSTEM32\CRYPTSP.dll
0x00007ffd508c0000 - 0x00007ffd508f4000 	C:\Windows\system32\rsaenh.dll
0x00007ffd516f0000 - 0x00007ffd5171e000 	C:\Windows\SYSTEM32\USERENV.dll
0x00007ffd51150000 - 0x00007ffd5115c000 	C:\Windows\SYSTEM32\CRYPTBASE.dll
0x00007ffd49b00000 - 0x00007ffd49b17000 	C:\Windows\SYSTEM32\dhcpcsvc6.DLL
0x00007ffd49ae0000 - 0x00007ffd49afd000 	C:\Windows\SYSTEM32\dhcpcsvc.DLL
0x00007ffd3ab20000 - 0x00007ffd3ab2e000 	C:\Program Files\Eclipse Foundation\jdk-11.0.12.7-hotspot\bin\sunmscapi.dll
0x00007ffd51940000 - 0x00007ffd51a96000 	C:\Windows\System32\CRYPT32.dll
0x00007ffd51250000 - 0x00007ffd51277000 	C:\Windows\SYSTEM32\ncrypt.dll
0x00007ffd51210000 - 0x00007ffd5124b000 	C:\Windows\SYSTEM32\NTASN1.dll
0x00007ffd38be0000 - 0x00007ffd38c05000 	C:\Program Files\Eclipse Foundation\jdk-11.0.12.7-hotspot\bin\sunec.dll
0x0000000010000000 - 0x0000000010070000 	C:\Windows\System32\sigar-amd64-winnt.dll
0x00007ffd53f60000 - 0x00007ffd5408a000 	C:\Windows\System32\ole32.dll
0x00007ffd52f70000 - 0x00007ffd5303d000 	C:\Windows\System32\OLEAUT32.dll
0x00007ffd38d00000 - 0x00007ffd38d1a000 	C:\Windows\SYSTEM32\NETAPI32.dll
0x00007ffd38e30000 - 0x00007ffd38e79000 	C:\Windows\SYSTEM32\pdh.dll
0x00007ffd50d40000 - 0x00007ffd50d4c000 	C:\Windows\SYSTEM32\NETUTILS.DLL
0x00007ffd498b0000 - 0x00007ffd498d8000 	C:\Windows\SYSTEM32\SRVCLI.DLL

dbghelp: loaded successfully - version: 4.0.5 - missing functions: none
symbol engine: initialized successfully - sym options: 0x614 - pdb path: .;C:\Program Files\Eclipse Foundation\jdk-11.0.12.7-hotspot\bin;C:\Windows\SYSTEM32;C:\Windows\WinSxS\amd64_microsoft.windows.common-controls_6595b64144ccf1df_6.0.19041.1110_none_60b5254171f9507e;C:\Program Files\Eclipse Foundation\jdk-11.0.12.7-hotspot\bin\server

VM Arguments:
java_command: speedtest-0.0.1-SNAPSHOT.jar
java_class_path (initial): speedtest-0.0.1-SNAPSHOT.jar
Launcher Type: SUN_STANDARD

[Global flags]
     intx CICompilerCount                          = 4                                         {product} {ergonomic}
     uint ConcGCThreads                            = 3                                         {product} {ergonomic}
     uint G1ConcRefinementThreads                  = 10                                        {product} {ergonomic}
   size_t G1HeapRegionSize                         = 1048576                                   {product} {ergonomic}
    uintx GCDrainStackTargetSize                   = 64                                        {product} {ergonomic}
   size_t InitialHeapSize                          = 260046848                                 {product} {ergonomic}
   size_t MarkStackSize                            = 4194304                                   {product} {ergonomic}
   size_t MaxHeapSize                              = 4137680896                                {product} {ergonomic}
   size_t MaxNewSize                               = 2481979392                                {product} {ergonomic}
   size_t MinHeapDeltaBytes                        = 1048576                                   {product} {ergonomic}
    uintx NonNMethodCodeHeapSize                   = 5836300                                {pd product} {ergonomic}
    uintx NonProfiledCodeHeapSize                  = 122910970                              {pd product} {ergonomic}
    uintx ProfiledCodeHeapSize                     = 122910970                              {pd product} {ergonomic}
    uintx ReservedCodeCacheSize                    = 251658240                              {pd product} {ergonomic}
     bool SegmentedCodeCache                       = true                                      {product} {ergonomic}
     bool UseCompressedClassPointers               = true                                 {lp64_product} {ergonomic}
     bool UseCompressedOops                        = true                                 {lp64_product} {ergonomic}
     bool UseG1GC                                  = true                                      {product} {ergonomic}
     bool UseLargePagesIndividualAllocation        = false                                  {pd product} {ergonomic}

Logging:
Log output configuration:
 #0: stdout all=warning uptime,level,tags
 #1: stderr all=off uptime,level,tags

Environment Variables:
JAVA_HOME=C:\Program Files\Eclipse Foundation\jdk-11.0.12.7-hotspot
PATH=C:\Program Files\Eclipse Foundation\jdk-11.0.12.7-hotspot\bin;C:\Windows\system32;C:\Windows;C:\Windows\System32\Wbem;C:\Windows\System32\WindowsPowerShell\v1.0\;C:\Windows\System32\OpenSSH\;C:\Program Files (x86)\NVIDIA Corporation\PhysX\Common;C:\Program Files\NVIDIA Corporation\NVIDIA NvDLISR;C:\Program Files\Git\cmd;C:\mingw17\MinGW\bin;C:\Program Files\PuTTY\;C:\Program Files\nodejs\;C:\usr\bin;C:\Program Files\dotnet\;C:\apache-maven-3.8.5\bin;C:\Users\max95\AppData\Local\Programs\Python\Python38\Scripts\;C:\Users\max95\AppData\Local\Programs\Python\Python38\;C:\Users\max95\AppData\Local\Microsoft\WindowsApps;C:\Users\max95\AppData\Local\Programs\Microsoft VS Code\bin;C:\Users\max95\AppData\Roaming\npm;C:\Users\max95\.dotnet\tools
USERNAME=max95
OS=Windows_NT
PROCESSOR_IDENTIFIER=AMD64 Family 25 Model 80 Stepping 0, AuthenticAMD



---------------  S Y S T E M  ---------------

OS: Windows 10 , 64 bit Build 19041 (10.0.19041.1889)
OS uptime: 6 days 1:53 hours

CPU:total 12 (initial active 12) (12 cores per cpu, 2 threads per core) family 25 model 80 stepping 0 microcode 0x0, cmov, cx8, fxsr, mmx, sse, sse2, sse3, ssse3, sse4.1, sse4.2, popcnt, avx, avx2, aes, clmul, erms, mmxext, 3dnowpref, lzcnt, sse4a, ht, tsc, tscinvbit, tscinv, bmi1, bmi2, adx, sha, fma

Memory: 4k page, system-wide physical 15776M (1930M free)
TotalPageFile size 31552M (AvailPageFile size 4172M)
current process WorkingSet (physical memory assigned to process): 607M, peak: 612M
current process commit charge ("private bytes"): 733M, peak: 736M

vm_info: OpenJDK 64-Bit Server VM (11.0.12+7) for windows-amd64 JRE (11.0.12+7), built on Jul 21 2021 16:23:49 by "" with unknown MS VC++:1916

END.
